2024-04-26 17:05:10 — INFO — Running with edr=0.14.1
2024-04-26 17:05:10 — INFO — Installing packages for edr internal dbt package...
2024-04-26 17:05:10 — INFO — Running dbt --log-format json deps --project-dir /Users/edoardosezzi/Desktop/habacus/dwh-pipeline-dbt/venv-dbt/lib/python3.9/site-packages/elementary/monitor/dbt_project
2024-04-26 17:05:14 — DEBUG — Result bytes size for command '['dbt', '--log-format', 'json', 'deps', '--project-dir', '/Users/edoardosezzi/Desktop/habacus/dwh-pipeline-dbt/venv-dbt/lib/python3.9/site-packages/elementary/monitor/dbt_project']' is 3468
2024-04-26 17:05:14 — INFO — Running with dbt=1.7.11
2024-04-26 17:05:14 — INFO — Updating lock file in file path: /Users/edoardosezzi/Desktop/habacus/dwh-pipeline-dbt/venv-dbt/lib/python3.9/site-packages/elementary/monitor/dbt_project/package-lock.yml
2024-04-26 17:05:14 — INFO — Installing dbt-labs/dbt_utils
2024-04-26 17:05:14 — INFO — Installed from version 0.8.6
2024-04-26 17:05:14 — INFO — Updated version available: 1.1.1
2024-04-26 17:05:14 — INFO — Installing elementary-data/elementary
2024-04-26 17:05:14 — INFO — Installed from version 0.14.1
2024-04-26 17:05:14 — INFO — Up to date!
2024-04-26 17:05:14 — INFO — 
2024-04-26 17:05:14 — INFO — Updates available for packages: ['dbt-labs/dbt_utils']                 
Update your versions in packages.yml, then run dbt deps
2024-04-26 17:05:14 — DEBUG — Running dbt --log-format json run-operation elementary.log_macro_results --args {"macro_name": "elementary_cli.get_latest_invocation", "macro_args": {}} --project-dir /Users/edoardosezzi/Desktop/habacus/dwh-pipeline-dbt/venv-dbt/lib/python3.9/site-packages/elementary/monitor/dbt_project
[31;20m2024-04-26 17:05:16 — ERROR — Unable to get the latest invocation: Failed to run dbt command.
Encountered an error:
Runtime Error
  Credentials in profile "elementary", target "default" invalid: '<AUTH_METHOD>' is not one of ['oauth', 'service-account', 'service-account-json', 'oauth-secrets'][0m
2024-04-26 17:05:16 — DEBUG — Running dbt --log-format json run-operation elementary.log_macro_results --args {"macro_name": "elementary_cli.get_adapter_type_and_unique_id", "macro_args": {}} --project-dir /Users/edoardosezzi/Desktop/habacus/dwh-pipeline-dbt/venv-dbt/lib/python3.9/site-packages/elementary/monitor/dbt_project
2024-04-26 17:05:18 — DEBUG — Could not get warehouse info.
Traceback (most recent call last):
  File "/Users/edoardosezzi/Desktop/habacus/dwh-pipeline-dbt/venv-dbt/lib/python3.9/site-packages/elementary/clients/dbt/dbt_runner.py", line 88, in _run_command
    result = subprocess.run(
  File "/Library/Developer/CommandLineTools/Library/Frameworks/Python3.framework/Versions/3.9/lib/python3.9/subprocess.py", line 528, in run
    raise CalledProcessError(retcode, process.args,
subprocess.CalledProcessError: Command '['dbt', '--log-format', 'json', 'run-operation', 'elementary.log_macro_results', '--args', '{"macro_name": "elementary_cli.get_adapter_type_and_unique_id", "macro_args": {}}', '--project-dir', '/Users/edoardosezzi/Desktop/habacus/dwh-pipeline-dbt/venv-dbt/lib/python3.9/site-packages/elementary/monitor/dbt_project']' returned non-zero exit status 2.

During handling of the above exception, another exception occurred:

Traceback (most recent call last):
  File "/Users/edoardosezzi/Desktop/habacus/dwh-pipeline-dbt/venv-dbt/lib/python3.9/site-packages/elementary/monitor/data_monitoring/data_monitoring.py", line 140, in _get_warehouse_info
    self.internal_dbt_runner.run_operation(
  File "/Users/edoardosezzi/Desktop/habacus/dwh-pipeline-dbt/venv-dbt/lib/python3.9/site-packages/elementary/clients/dbt/dbt_runner.py", line 160, in run_operation
    success, command_output = self._run_command(
  File "/Users/edoardosezzi/Desktop/habacus/dwh-pipeline-dbt/venv-dbt/lib/python3.9/site-packages/elementary/clients/dbt/dbt_runner.py", line 99, in _run_command
    raise DbtCommandError(err, command_args, logs=logs)
elementary.exceptions.exceptions.DbtCommandError: Failed to run dbt command.
Encountered an error:
Runtime Error
  Credentials in profile "elementary", target "default" invalid: '<AUTH_METHOD>' is not one of ['oauth', 'service-account', 'service-account-json', 'oauth-secrets']
2024-04-26 17:05:18 — DEBUG — Running dbt --log-format json run-operation elementary.log_macro_results --args {"macro_name": "elementary_cli.get_elementary_database_and_schema", "macro_args": {}} --project-dir /Users/edoardosezzi/Desktop/habacus/dwh-pipeline-dbt/venv-dbt/lib/python3.9/site-packages/elementary/monitor/dbt_project
[31;20m2024-04-26 17:05:21 — ERROR — Failed to parse Elementary's database and schema.[0m
2024-04-26 17:05:21 — INFO — Running dbt --log-format json run-operation elementary.log_macro_results --args {"macro_name": "elementary_cli.get_test_results", "macro_args": {"days_back": 7, "invocations_per_test": 720, "disable_passed_test_metrics": false}} --project-dir /Users/edoardosezzi/Desktop/habacus/dwh-pipeline-dbt/venv-dbt/lib/python3.9/site-packages/elementary/monitor/dbt_project
[31;20m2024-04-26 17:05:23 — ERROR — Could not generate the report - Error: Failed to run dbt command.
Encountered an error:
Runtime Error
  Credentials in profile "elementary", target "default" invalid: '<AUTH_METHOD>' is not one of ['oauth', 'service-account', 'service-account-json', 'oauth-secrets']
Please reach out to our community for help with this issue.[0m
Traceback (most recent call last):
  File "/Users/edoardosezzi/Desktop/habacus/dwh-pipeline-dbt/venv-dbt/lib/python3.9/site-packages/elementary/clients/dbt/dbt_runner.py", line 88, in _run_command
    result = subprocess.run(
  File "/Library/Developer/CommandLineTools/Library/Frameworks/Python3.framework/Versions/3.9/lib/python3.9/subprocess.py", line 528, in run
    raise CalledProcessError(retcode, process.args,
subprocess.CalledProcessError: Command '['dbt', '--log-format', 'json', 'run-operation', 'elementary.log_macro_results', '--args', '{"macro_name": "elementary_cli.get_test_results", "macro_args": {"days_back": 7, "invocations_per_test": 720, "disable_passed_test_metrics": false}}', '--project-dir', '/Users/edoardosezzi/Desktop/habacus/dwh-pipeline-dbt/venv-dbt/lib/python3.9/site-packages/elementary/monitor/dbt_project']' returned non-zero exit status 2.

During handling of the above exception, another exception occurred:

Traceback (most recent call last):
  File "/Users/edoardosezzi/Desktop/habacus/dwh-pipeline-dbt/venv-dbt/lib/python3.9/site-packages/elementary/monitor/api/report/report.py", line 50, in get_report_data
    tests_api = TestsAPI(
  File "/Users/edoardosezzi/Desktop/habacus/dwh-pipeline-dbt/venv-dbt/lib/python3.9/site-packages/elementary/monitor/api/tests/tests.py", line 39, in __init__
    self.test_results_db_rows = self._get_test_results_db_rows(
  File "/Users/edoardosezzi/Desktop/habacus/dwh-pipeline-dbt/venv-dbt/lib/python3.9/site-packages/elementary/monitor/api/tests/tests.py", line 51, in _get_test_results_db_rows
    return self.tests_fetcher.get_all_test_results_db_rows(
  File "/Users/edoardosezzi/Desktop/habacus/dwh-pipeline-dbt/venv-dbt/lib/python3.9/site-packages/elementary/monitor/fetchers/tests/tests.py", line 22, in get_all_test_results_db_rows
    run_operation_response = self.dbt_runner.run_operation(
  File "/Users/edoardosezzi/Desktop/habacus/dwh-pipeline-dbt/venv-dbt/lib/python3.9/site-packages/elementary/clients/dbt/dbt_runner.py", line 160, in run_operation
    success, command_output = self._run_command(
  File "/Users/edoardosezzi/Desktop/habacus/dwh-pipeline-dbt/venv-dbt/lib/python3.9/site-packages/elementary/clients/dbt/dbt_runner.py", line 99, in _run_command
    raise DbtCommandError(err, command_args, logs=logs)
elementary.exceptions.exceptions.DbtCommandError: Failed to run dbt command.
Encountered an error:
Runtime Error
  Credentials in profile "elementary", target "default" invalid: '<AUTH_METHOD>' is not one of ['oauth', 'service-account', 'service-account-json', 'oauth-secrets']
2024-04-26 17:06:15 — INFO — Running with edr=0.14.1
2024-04-26 17:06:15 — DEBUG — Running dbt --log-format json run-operation elementary.log_macro_results --args {"macro_name": "elementary_cli.get_latest_invocation", "macro_args": {}} --project-dir /Users/edoardosezzi/Desktop/habacus/dwh-pipeline-dbt/venv-dbt/lib/python3.9/site-packages/elementary/monitor/dbt_project
[31;20m2024-04-26 17:06:17 — ERROR — Unable to get the latest invocation: Failed to run dbt command.
Encountered an error:
Runtime Error
  Credentials in profile "elementary", target "default" invalid: Runtime Error
    Must specify authentication method[0m
2024-04-26 17:06:17 — DEBUG — Running dbt --log-format json run-operation elementary.log_macro_results --args {"macro_name": "elementary_cli.get_adapter_type_and_unique_id", "macro_args": {}} --project-dir /Users/edoardosezzi/Desktop/habacus/dwh-pipeline-dbt/venv-dbt/lib/python3.9/site-packages/elementary/monitor/dbt_project
2024-04-26 17:06:19 — DEBUG — Could not get warehouse info.
Traceback (most recent call last):
  File "/Users/edoardosezzi/Desktop/habacus/dwh-pipeline-dbt/venv-dbt/lib/python3.9/site-packages/elementary/clients/dbt/dbt_runner.py", line 88, in _run_command
    result = subprocess.run(
  File "/Library/Developer/CommandLineTools/Library/Frameworks/Python3.framework/Versions/3.9/lib/python3.9/subprocess.py", line 528, in run
    raise CalledProcessError(retcode, process.args,
subprocess.CalledProcessError: Command '['dbt', '--log-format', 'json', 'run-operation', 'elementary.log_macro_results', '--args', '{"macro_name": "elementary_cli.get_adapter_type_and_unique_id", "macro_args": {}}', '--project-dir', '/Users/edoardosezzi/Desktop/habacus/dwh-pipeline-dbt/venv-dbt/lib/python3.9/site-packages/elementary/monitor/dbt_project']' returned non-zero exit status 2.

During handling of the above exception, another exception occurred:

Traceback (most recent call last):
  File "/Users/edoardosezzi/Desktop/habacus/dwh-pipeline-dbt/venv-dbt/lib/python3.9/site-packages/elementary/monitor/data_monitoring/data_monitoring.py", line 140, in _get_warehouse_info
    self.internal_dbt_runner.run_operation(
  File "/Users/edoardosezzi/Desktop/habacus/dwh-pipeline-dbt/venv-dbt/lib/python3.9/site-packages/elementary/clients/dbt/dbt_runner.py", line 160, in run_operation
    success, command_output = self._run_command(
  File "/Users/edoardosezzi/Desktop/habacus/dwh-pipeline-dbt/venv-dbt/lib/python3.9/site-packages/elementary/clients/dbt/dbt_runner.py", line 99, in _run_command
    raise DbtCommandError(err, command_args, logs=logs)
elementary.exceptions.exceptions.DbtCommandError: Failed to run dbt command.
Encountered an error:
Runtime Error
  Credentials in profile "elementary", target "default" invalid: Runtime Error
    Must specify authentication method
2024-04-26 17:06:19 — DEBUG — Running dbt --log-format json run-operation elementary.log_macro_results --args {"macro_name": "elementary_cli.get_elementary_database_and_schema", "macro_args": {}} --project-dir /Users/edoardosezzi/Desktop/habacus/dwh-pipeline-dbt/venv-dbt/lib/python3.9/site-packages/elementary/monitor/dbt_project
[31;20m2024-04-26 17:06:21 — ERROR — Failed to parse Elementary's database and schema.[0m
2024-04-26 17:06:21 — INFO — Running dbt --log-format json run-operation elementary.log_macro_results --args {"macro_name": "elementary_cli.get_test_results", "macro_args": {"days_back": 7, "invocations_per_test": 720, "disable_passed_test_metrics": false}} --project-dir /Users/edoardosezzi/Desktop/habacus/dwh-pipeline-dbt/venv-dbt/lib/python3.9/site-packages/elementary/monitor/dbt_project
[31;20m2024-04-26 17:06:23 — ERROR — Could not generate the report - Error: Failed to run dbt command.
Encountered an error:
Runtime Error
  Credentials in profile "elementary", target "default" invalid: Runtime Error
    Must specify authentication method
Please reach out to our community for help with this issue.[0m
Traceback (most recent call last):
  File "/Users/edoardosezzi/Desktop/habacus/dwh-pipeline-dbt/venv-dbt/lib/python3.9/site-packages/elementary/clients/dbt/dbt_runner.py", line 88, in _run_command
    result = subprocess.run(
  File "/Library/Developer/CommandLineTools/Library/Frameworks/Python3.framework/Versions/3.9/lib/python3.9/subprocess.py", line 528, in run
    raise CalledProcessError(retcode, process.args,
subprocess.CalledProcessError: Command '['dbt', '--log-format', 'json', 'run-operation', 'elementary.log_macro_results', '--args', '{"macro_name": "elementary_cli.get_test_results", "macro_args": {"days_back": 7, "invocations_per_test": 720, "disable_passed_test_metrics": false}}', '--project-dir', '/Users/edoardosezzi/Desktop/habacus/dwh-pipeline-dbt/venv-dbt/lib/python3.9/site-packages/elementary/monitor/dbt_project']' returned non-zero exit status 2.

During handling of the above exception, another exception occurred:

Traceback (most recent call last):
  File "/Users/edoardosezzi/Desktop/habacus/dwh-pipeline-dbt/venv-dbt/lib/python3.9/site-packages/elementary/monitor/api/report/report.py", line 50, in get_report_data
    tests_api = TestsAPI(
  File "/Users/edoardosezzi/Desktop/habacus/dwh-pipeline-dbt/venv-dbt/lib/python3.9/site-packages/elementary/monitor/api/tests/tests.py", line 39, in __init__
    self.test_results_db_rows = self._get_test_results_db_rows(
  File "/Users/edoardosezzi/Desktop/habacus/dwh-pipeline-dbt/venv-dbt/lib/python3.9/site-packages/elementary/monitor/api/tests/tests.py", line 51, in _get_test_results_db_rows
    return self.tests_fetcher.get_all_test_results_db_rows(
  File "/Users/edoardosezzi/Desktop/habacus/dwh-pipeline-dbt/venv-dbt/lib/python3.9/site-packages/elementary/monitor/fetchers/tests/tests.py", line 22, in get_all_test_results_db_rows
    run_operation_response = self.dbt_runner.run_operation(
  File "/Users/edoardosezzi/Desktop/habacus/dwh-pipeline-dbt/venv-dbt/lib/python3.9/site-packages/elementary/clients/dbt/dbt_runner.py", line 160, in run_operation
    success, command_output = self._run_command(
  File "/Users/edoardosezzi/Desktop/habacus/dwh-pipeline-dbt/venv-dbt/lib/python3.9/site-packages/elementary/clients/dbt/dbt_runner.py", line 99, in _run_command
    raise DbtCommandError(err, command_args, logs=logs)
elementary.exceptions.exceptions.DbtCommandError: Failed to run dbt command.
Encountered an error:
Runtime Error
  Credentials in profile "elementary", target "default" invalid: Runtime Error
    Must specify authentication method
2024-04-26 17:07:00 — INFO — Running with edr=0.14.1
2024-04-26 17:07:00 — DEBUG — Running dbt --log-format json run-operation elementary.log_macro_results --args {"macro_name": "elementary_cli.get_latest_invocation", "macro_args": {}} --project-dir /Users/edoardosezzi/Desktop/habacus/dwh-pipeline-dbt/venv-dbt/lib/python3.9/site-packages/elementary/monitor/dbt_project
2024-04-26 17:07:06 — DEBUG — Result bytes size for command '['dbt', '--log-format', 'json', 'run-operation', 'elementary.log_macro_results', '--args', '{"macro_name": "elementary_cli.get_latest_invocation", "macro_args": {}}', '--project-dir', '/Users/edoardosezzi/Desktop/habacus/dwh-pipeline-dbt/venv-dbt/lib/python3.9/site-packages/elementary/monitor/dbt_project']' is 2214
2024-04-26 17:07:06 — DEBUG — Running dbt --log-format json run-operation elementary.log_macro_results --args {"macro_name": "elementary_cli.get_adapter_type_and_unique_id", "macro_args": {}} --project-dir /Users/edoardosezzi/Desktop/habacus/dwh-pipeline-dbt/venv-dbt/lib/python3.9/site-packages/elementary/monitor/dbt_project
2024-04-26 17:07:08 — DEBUG — Result bytes size for command '['dbt', '--log-format', 'json', 'run-operation', 'elementary.log_macro_results', '--args', '{"macro_name": "elementary_cli.get_adapter_type_and_unique_id", "macro_args": {}}', '--project-dir', '/Users/edoardosezzi/Desktop/habacus/dwh-pipeline-dbt/venv-dbt/lib/python3.9/site-packages/elementary/monitor/dbt_project']' is 1899
2024-04-26 17:07:08 — DEBUG — Running dbt --log-format json run-operation elementary.log_macro_results --args {"macro_name": "elementary_cli.get_elementary_database_and_schema", "macro_args": {}} --project-dir /Users/edoardosezzi/Desktop/habacus/dwh-pipeline-dbt/venv-dbt/lib/python3.9/site-packages/elementary/monitor/dbt_project
2024-04-26 17:07:10 — DEBUG — Result bytes size for command '['dbt', '--log-format', 'json', 'run-operation', 'elementary.log_macro_results', '--args', '{"macro_name": "elementary_cli.get_elementary_database_and_schema", "macro_args": {}}', '--project-dir', '/Users/edoardosezzi/Desktop/habacus/dwh-pipeline-dbt/venv-dbt/lib/python3.9/site-packages/elementary/monitor/dbt_project']' is 1899
2024-04-26 17:07:10 — INFO — Elementary's database and schema: '"habacus-dwh-prod-eu-001.habacus_curated"'
2024-04-26 17:07:10 — INFO — Running dbt --log-format json run-operation elementary.log_macro_results --args {"macro_name": "elementary_cli.get_test_results", "macro_args": {"days_back": 7, "invocations_per_test": 720, "disable_passed_test_metrics": false}} --project-dir /Users/edoardosezzi/Desktop/habacus/dwh-pipeline-dbt/venv-dbt/lib/python3.9/site-packages/elementary/monitor/dbt_project
[31;20m2024-04-26 17:07:13 — ERROR — Could not generate the report - Error: Failed to run dbt command.
Encountered an error while running operation: Runtime Error
  404 Not found: Table habacus-dwh-prod-eu-001:habacus_curated.dbt_models was not found in location europe-west1; reason: notFound, message: Not found: Table habacus-dwh-prod-eu-001:habacus_curated.dbt_models was not found in location europe-west1
  
  Location: europe-west1
  Job ID: aa26143c-e32c-4de3-bc44-cdbc028960e6
  
Please reach out to our community for help with this issue.[0m
Traceback (most recent call last):
  File "/Users/edoardosezzi/Desktop/habacus/dwh-pipeline-dbt/venv-dbt/lib/python3.9/site-packages/elementary/clients/dbt/dbt_runner.py", line 88, in _run_command
    result = subprocess.run(
  File "/Library/Developer/CommandLineTools/Library/Frameworks/Python3.framework/Versions/3.9/lib/python3.9/subprocess.py", line 528, in run
    raise CalledProcessError(retcode, process.args,
subprocess.CalledProcessError: Command '['dbt', '--log-format', 'json', 'run-operation', 'elementary.log_macro_results', '--args', '{"macro_name": "elementary_cli.get_test_results", "macro_args": {"days_back": 7, "invocations_per_test": 720, "disable_passed_test_metrics": false}}', '--project-dir', '/Users/edoardosezzi/Desktop/habacus/dwh-pipeline-dbt/venv-dbt/lib/python3.9/site-packages/elementary/monitor/dbt_project']' returned non-zero exit status 1.

During handling of the above exception, another exception occurred:

Traceback (most recent call last):
  File "/Users/edoardosezzi/Desktop/habacus/dwh-pipeline-dbt/venv-dbt/lib/python3.9/site-packages/elementary/monitor/api/report/report.py", line 50, in get_report_data
    tests_api = TestsAPI(
  File "/Users/edoardosezzi/Desktop/habacus/dwh-pipeline-dbt/venv-dbt/lib/python3.9/site-packages/elementary/monitor/api/tests/tests.py", line 39, in __init__
    self.test_results_db_rows = self._get_test_results_db_rows(
  File "/Users/edoardosezzi/Desktop/habacus/dwh-pipeline-dbt/venv-dbt/lib/python3.9/site-packages/elementary/monitor/api/tests/tests.py", line 51, in _get_test_results_db_rows
    return self.tests_fetcher.get_all_test_results_db_rows(
  File "/Users/edoardosezzi/Desktop/habacus/dwh-pipeline-dbt/venv-dbt/lib/python3.9/site-packages/elementary/monitor/fetchers/tests/tests.py", line 22, in get_all_test_results_db_rows
    run_operation_response = self.dbt_runner.run_operation(
  File "/Users/edoardosezzi/Desktop/habacus/dwh-pipeline-dbt/venv-dbt/lib/python3.9/site-packages/elementary/clients/dbt/dbt_runner.py", line 160, in run_operation
    success, command_output = self._run_command(
  File "/Users/edoardosezzi/Desktop/habacus/dwh-pipeline-dbt/venv-dbt/lib/python3.9/site-packages/elementary/clients/dbt/dbt_runner.py", line 99, in _run_command
    raise DbtCommandError(err, command_args, logs=logs)
elementary.exceptions.exceptions.DbtCommandError: Failed to run dbt command.
Encountered an error while running operation: Runtime Error
  404 Not found: Table habacus-dwh-prod-eu-001:habacus_curated.dbt_models was not found in location europe-west1; reason: notFound, message: Not found: Table habacus-dwh-prod-eu-001:habacus_curated.dbt_models was not found in location europe-west1
  
  Location: europe-west1
  Job ID: aa26143c-e32c-4de3-bc44-cdbc028960e6
  
2024-04-26 17:14:00 — INFO — Running with edr=0.14.1
2024-04-26 17:14:00 — DEBUG — Running dbt --log-format json run-operation elementary.log_macro_results --args {"macro_name": "elementary_cli.get_latest_invocation", "macro_args": {}} --project-dir /Users/edoardosezzi/Desktop/habacus/dwh-pipeline-dbt/venv-dbt/lib/python3.9/site-packages/elementary/monitor/dbt_project
2024-04-26 17:14:05 — DEBUG — Result bytes size for command '['dbt', '--log-format', 'json', 'run-operation', 'elementary.log_macro_results', '--args', '{"macro_name": "elementary_cli.get_latest_invocation", "macro_args": {}}', '--project-dir', '/Users/edoardosezzi/Desktop/habacus/dwh-pipeline-dbt/venv-dbt/lib/python3.9/site-packages/elementary/monitor/dbt_project']' is 3907
2024-04-26 17:14:05 — DEBUG — Running dbt --log-format json run-operation elementary.log_macro_results --args {"macro_name": "elementary_cli.get_adapter_type_and_unique_id", "macro_args": {}} --project-dir /Users/edoardosezzi/Desktop/habacus/dwh-pipeline-dbt/venv-dbt/lib/python3.9/site-packages/elementary/monitor/dbt_project
2024-04-26 17:14:08 — DEBUG — Result bytes size for command '['dbt', '--log-format', 'json', 'run-operation', 'elementary.log_macro_results', '--args', '{"macro_name": "elementary_cli.get_adapter_type_and_unique_id", "macro_args": {}}', '--project-dir', '/Users/edoardosezzi/Desktop/habacus/dwh-pipeline-dbt/venv-dbt/lib/python3.9/site-packages/elementary/monitor/dbt_project']' is 1899
2024-04-26 17:14:08 — INFO — edr (0.14.1) and Elementary's dbt package (0.14.1) are compatible.
2024-04-26 17:14:08 — DEBUG — Running dbt --log-format json run-operation elementary.log_macro_results --args {"macro_name": "elementary_cli.get_elementary_database_and_schema", "macro_args": {}} --project-dir /Users/edoardosezzi/Desktop/habacus/dwh-pipeline-dbt/venv-dbt/lib/python3.9/site-packages/elementary/monitor/dbt_project
2024-04-26 17:14:10 — DEBUG — Result bytes size for command '['dbt', '--log-format', 'json', 'run-operation', 'elementary.log_macro_results', '--args', '{"macro_name": "elementary_cli.get_elementary_database_and_schema", "macro_args": {}}', '--project-dir', '/Users/edoardosezzi/Desktop/habacus/dwh-pipeline-dbt/venv-dbt/lib/python3.9/site-packages/elementary/monitor/dbt_project']' is 1899
2024-04-26 17:14:10 — INFO — Elementary's database and schema: '"habacus-dwh-prod-eu-001.habacus_curated"'
2024-04-26 17:14:10 — INFO — Running dbt --log-format json run-operation elementary.log_macro_results --args {"macro_name": "elementary_cli.get_test_results", "macro_args": {"days_back": 7, "invocations_per_test": 720, "disable_passed_test_metrics": false}} --project-dir /Users/edoardosezzi/Desktop/habacus/dwh-pipeline-dbt/venv-dbt/lib/python3.9/site-packages/elementary/monitor/dbt_project
2024-04-26 17:14:15 — DEBUG — Result bytes size for command '['dbt', '--log-format', 'json', 'run-operation', 'elementary.log_macro_results', '--args', '{"macro_name": "elementary_cli.get_test_results", "macro_args": {"days_back": 7, "invocations_per_test": 720, "disable_passed_test_metrics": false}}', '--project-dir', '/Users/edoardosezzi/Desktop/habacus/dwh-pipeline-dbt/venv-dbt/lib/python3.9/site-packages/elementary/monitor/dbt_project']' is 1817
2024-04-26 17:14:15 — INFO — Running dbt --log-format json run-operation elementary.log_macro_results --args {"macro_name": "elementary_cli.get_source_freshness_results", "macro_args": {"days_back": 7, "invocations_per_test": 720}} --project-dir /Users/edoardosezzi/Desktop/habacus/dwh-pipeline-dbt/venv-dbt/lib/python3.9/site-packages/elementary/monitor/dbt_project
2024-04-26 17:14:19 — DEBUG — Result bytes size for command '['dbt', '--log-format', 'json', 'run-operation', 'elementary.log_macro_results', '--args', '{"macro_name": "elementary_cli.get_source_freshness_results", "macro_args": {"days_back": 7, "invocations_per_test": 720}}', '--project-dir', '/Users/edoardosezzi/Desktop/habacus/dwh-pipeline-dbt/venv-dbt/lib/python3.9/site-packages/elementary/monitor/dbt_project']' is 1817
2024-04-26 17:14:19 — INFO — Running dbt --log-format json run-operation elementary.log_macro_results --args {"macro_name": "elementary_cli.get_models", "macro_args": {"exclude_elementary": true}} --project-dir /Users/edoardosezzi/Desktop/habacus/dwh-pipeline-dbt/venv-dbt/lib/python3.9/site-packages/elementary/monitor/dbt_project
2024-04-26 17:14:23 — DEBUG — Result bytes size for command '['dbt', '--log-format', 'json', 'run-operation', 'elementary.log_macro_results', '--args', '{"macro_name": "elementary_cli.get_models", "macro_args": {"exclude_elementary": true}}', '--project-dir', '/Users/edoardosezzi/Desktop/habacus/dwh-pipeline-dbt/venv-dbt/lib/python3.9/site-packages/elementary/monitor/dbt_project']' is 4549
2024-04-26 17:14:23 — INFO — Running dbt --log-format json run-operation elementary.log_macro_results --args {"macro_name": "elementary_cli.get_sources", "macro_args": {}} --project-dir /Users/edoardosezzi/Desktop/habacus/dwh-pipeline-dbt/venv-dbt/lib/python3.9/site-packages/elementary/monitor/dbt_project
2024-04-26 17:14:26 — DEBUG — Result bytes size for command '['dbt', '--log-format', 'json', 'run-operation', 'elementary.log_macro_results', '--args', '{"macro_name": "elementary_cli.get_sources", "macro_args": {}}', '--project-dir', '/Users/edoardosezzi/Desktop/habacus/dwh-pipeline-dbt/venv-dbt/lib/python3.9/site-packages/elementary/monitor/dbt_project']' is 4187
2024-04-26 17:14:26 — INFO — Running dbt --log-format json run-operation elementary.log_macro_results --args {"macro_name": "elementary_cli.get_exposures", "macro_args": {}} --project-dir /Users/edoardosezzi/Desktop/habacus/dwh-pipeline-dbt/venv-dbt/lib/python3.9/site-packages/elementary/monitor/dbt_project
2024-04-26 17:14:31 — DEBUG — Result bytes size for command '['dbt', '--log-format', 'json', 'run-operation', 'elementary.log_macro_results', '--args', '{"macro_name": "elementary_cli.get_exposures", "macro_args": {}}', '--project-dir', '/Users/edoardosezzi/Desktop/habacus/dwh-pipeline-dbt/venv-dbt/lib/python3.9/site-packages/elementary/monitor/dbt_project']' is 1817
2024-04-26 17:14:31 — INFO — Running dbt --log-format json run-operation elementary.log_macro_results --args {"macro_name": "elementary_cli.get_models_runs", "macro_args": {"days_back": 7, "exclude_elementary": true}} --project-dir /Users/edoardosezzi/Desktop/habacus/dwh-pipeline-dbt/venv-dbt/lib/python3.9/site-packages/elementary/monitor/dbt_project
2024-04-26 17:14:35 — DEBUG — Result bytes size for command '['dbt', '--log-format', 'json', 'run-operation', 'elementary.log_macro_results', '--args', '{"macro_name": "elementary_cli.get_models_runs", "macro_args": {"days_back": 7, "exclude_elementary": true}}', '--project-dir', '/Users/edoardosezzi/Desktop/habacus/dwh-pipeline-dbt/venv-dbt/lib/python3.9/site-packages/elementary/monitor/dbt_project']' is 1817
2024-04-26 17:14:35 — INFO — Running dbt --log-format json run-operation elementary.log_macro_results --args {"macro_name": "elementary_cli.get_dbt_models_test_coverage", "macro_args": {}} --project-dir /Users/edoardosezzi/Desktop/habacus/dwh-pipeline-dbt/venv-dbt/lib/python3.9/site-packages/elementary/monitor/dbt_project
2024-04-26 17:14:39 — DEBUG — Result bytes size for command '['dbt', '--log-format', 'json', 'run-operation', 'elementary.log_macro_results', '--args', '{"macro_name": "elementary_cli.get_dbt_models_test_coverage", "macro_args": {}}', '--project-dir', '/Users/edoardosezzi/Desktop/habacus/dwh-pipeline-dbt/venv-dbt/lib/python3.9/site-packages/elementary/monitor/dbt_project']' is 2507
2024-04-26 17:14:39 — INFO — Running dbt --log-format json run-operation elementary.log_macro_results --args {"macro_name": "elementary_cli.get_nodes_depends_on_nodes", "macro_args": {"exclude_elementary": true}} --project-dir /Users/edoardosezzi/Desktop/habacus/dwh-pipeline-dbt/venv-dbt/lib/python3.9/site-packages/elementary/monitor/dbt_project
2024-04-26 17:14:42 — DEBUG — Result bytes size for command '['dbt', '--log-format', 'json', 'run-operation', 'elementary.log_macro_results', '--args', '{"macro_name": "elementary_cli.get_nodes_depends_on_nodes", "macro_args": {"exclude_elementary": true}}', '--project-dir', '/Users/edoardosezzi/Desktop/habacus/dwh-pipeline-dbt/venv-dbt/lib/python3.9/site-packages/elementary/monitor/dbt_project']' is 3753
2024-04-26 17:14:42 — INFO — Running dbt --log-format json run-operation elementary.log_macro_results --args {"macro_name": "elementary_cli.get_models_latest_invocation", "macro_args": {}} --project-dir /Users/edoardosezzi/Desktop/habacus/dwh-pipeline-dbt/venv-dbt/lib/python3.9/site-packages/elementary/monitor/dbt_project
2024-04-26 17:14:46 — DEBUG — Result bytes size for command '['dbt', '--log-format', 'json', 'run-operation', 'elementary.log_macro_results', '--args', '{"macro_name": "elementary_cli.get_models_latest_invocation", "macro_args": {}}', '--project-dir', '/Users/edoardosezzi/Desktop/habacus/dwh-pipeline-dbt/venv-dbt/lib/python3.9/site-packages/elementary/monitor/dbt_project']' is 8913
2024-04-26 17:14:46 — INFO — Running dbt --log-format json run-operation elementary.log_macro_results --args {"macro_name": "elementary_cli.get_models_latest_invocations_data", "macro_args": {}} --project-dir /Users/edoardosezzi/Desktop/habacus/dwh-pipeline-dbt/venv-dbt/lib/python3.9/site-packages/elementary/monitor/dbt_project
2024-04-26 17:14:50 — DEBUG — Result bytes size for command '['dbt', '--log-format', 'json', 'run-operation', 'elementary.log_macro_results', '--args', '{"macro_name": "elementary_cli.get_models_latest_invocations_data", "macro_args": {}}', '--project-dir', '/Users/edoardosezzi/Desktop/habacus/dwh-pipeline-dbt/venv-dbt/lib/python3.9/site-packages/elementary/monitor/dbt_project']' is 2275
2024-04-26 17:16:23 — INFO — Running with edr=0.14.1
2024-04-26 17:16:23 — DEBUG — Running dbt --log-format json run-operation elementary.log_macro_results --args {"macro_name": "elementary_cli.get_latest_invocation", "macro_args": {}} --project-dir /Users/edoardosezzi/Desktop/habacus/dwh-pipeline-dbt/venv-dbt/lib/python3.9/site-packages/elementary/monitor/dbt_project
2024-04-26 17:16:26 — DEBUG — Result bytes size for command '['dbt', '--log-format', 'json', 'run-operation', 'elementary.log_macro_results', '--args', '{"macro_name": "elementary_cli.get_latest_invocation", "macro_args": {}}', '--project-dir', '/Users/edoardosezzi/Desktop/habacus/dwh-pipeline-dbt/venv-dbt/lib/python3.9/site-packages/elementary/monitor/dbt_project']' is 3873
2024-04-26 17:16:26 — DEBUG — Running dbt --log-format json run-operation elementary.log_macro_results --args {"macro_name": "elementary_cli.get_adapter_type_and_unique_id", "macro_args": {}} --project-dir /Users/edoardosezzi/Desktop/habacus/dwh-pipeline-dbt/venv-dbt/lib/python3.9/site-packages/elementary/monitor/dbt_project
2024-04-26 17:16:29 — DEBUG — Result bytes size for command '['dbt', '--log-format', 'json', 'run-operation', 'elementary.log_macro_results', '--args', '{"macro_name": "elementary_cli.get_adapter_type_and_unique_id", "macro_args": {}}', '--project-dir', '/Users/edoardosezzi/Desktop/habacus/dwh-pipeline-dbt/venv-dbt/lib/python3.9/site-packages/elementary/monitor/dbt_project']' is 1899
2024-04-26 17:16:29 — INFO — edr (0.14.1) and Elementary's dbt package (0.14.1) are compatible.
2024-04-26 17:16:29 — DEBUG — Running dbt --log-format json run-operation elementary.log_macro_results --args {"macro_name": "elementary_cli.get_elementary_database_and_schema", "macro_args": {}} --project-dir /Users/edoardosezzi/Desktop/habacus/dwh-pipeline-dbt/venv-dbt/lib/python3.9/site-packages/elementary/monitor/dbt_project
2024-04-26 17:16:31 — DEBUG — Result bytes size for command '['dbt', '--log-format', 'json', 'run-operation', 'elementary.log_macro_results', '--args', '{"macro_name": "elementary_cli.get_elementary_database_and_schema", "macro_args": {}}', '--project-dir', '/Users/edoardosezzi/Desktop/habacus/dwh-pipeline-dbt/venv-dbt/lib/python3.9/site-packages/elementary/monitor/dbt_project']' is 1899
2024-04-26 17:16:31 — INFO — Elementary's database and schema: '"habacus-dwh-prod-eu-001.habacus_curated"'
2024-04-26 17:16:31 — INFO — Running dbt --log-format json run-operation elementary.log_macro_results --args {"macro_name": "elementary_cli.get_test_results", "macro_args": {"days_back": 7, "invocations_per_test": 720, "disable_passed_test_metrics": false}} --project-dir /Users/edoardosezzi/Desktop/habacus/dwh-pipeline-dbt/venv-dbt/lib/python3.9/site-packages/elementary/monitor/dbt_project
2024-04-26 17:16:37 — DEBUG — Result bytes size for command '['dbt', '--log-format', 'json', 'run-operation', 'elementary.log_macro_results', '--args', '{"macro_name": "elementary_cli.get_test_results", "macro_args": {"days_back": 7, "invocations_per_test": 720, "disable_passed_test_metrics": false}}', '--project-dir', '/Users/edoardosezzi/Desktop/habacus/dwh-pipeline-dbt/venv-dbt/lib/python3.9/site-packages/elementary/monitor/dbt_project']' is 26155
2024-04-26 17:16:37 — INFO — Running dbt --log-format json run-operation elementary.log_macro_results --args {"macro_name": "elementary_cli.get_source_freshness_results", "macro_args": {"days_back": 7, "invocations_per_test": 720}} --project-dir /Users/edoardosezzi/Desktop/habacus/dwh-pipeline-dbt/venv-dbt/lib/python3.9/site-packages/elementary/monitor/dbt_project
2024-04-26 17:16:41 — DEBUG — Result bytes size for command '['dbt', '--log-format', 'json', 'run-operation', 'elementary.log_macro_results', '--args', '{"macro_name": "elementary_cli.get_source_freshness_results", "macro_args": {"days_back": 7, "invocations_per_test": 720}}', '--project-dir', '/Users/edoardosezzi/Desktop/habacus/dwh-pipeline-dbt/venv-dbt/lib/python3.9/site-packages/elementary/monitor/dbt_project']' is 1817
2024-04-26 17:16:41 — INFO — Running dbt --log-format json run-operation elementary.log_macro_results --args {"macro_name": "elementary_cli.get_models", "macro_args": {"exclude_elementary": true}} --project-dir /Users/edoardosezzi/Desktop/habacus/dwh-pipeline-dbt/venv-dbt/lib/python3.9/site-packages/elementary/monitor/dbt_project
2024-04-26 17:16:44 — DEBUG — Result bytes size for command '['dbt', '--log-format', 'json', 'run-operation', 'elementary.log_macro_results', '--args', '{"macro_name": "elementary_cli.get_models", "macro_args": {"exclude_elementary": true}}', '--project-dir', '/Users/edoardosezzi/Desktop/habacus/dwh-pipeline-dbt/venv-dbt/lib/python3.9/site-packages/elementary/monitor/dbt_project']' is 4549
2024-04-26 17:16:44 — INFO — Running dbt --log-format json run-operation elementary.log_macro_results --args {"macro_name": "elementary_cli.get_sources", "macro_args": {}} --project-dir /Users/edoardosezzi/Desktop/habacus/dwh-pipeline-dbt/venv-dbt/lib/python3.9/site-packages/elementary/monitor/dbt_project
2024-04-26 17:16:48 — DEBUG — Result bytes size for command '['dbt', '--log-format', 'json', 'run-operation', 'elementary.log_macro_results', '--args', '{"macro_name": "elementary_cli.get_sources", "macro_args": {}}', '--project-dir', '/Users/edoardosezzi/Desktop/habacus/dwh-pipeline-dbt/venv-dbt/lib/python3.9/site-packages/elementary/monitor/dbt_project']' is 4187
2024-04-26 17:16:48 — INFO — Running dbt --log-format json run-operation elementary.log_macro_results --args {"macro_name": "elementary_cli.get_exposures", "macro_args": {}} --project-dir /Users/edoardosezzi/Desktop/habacus/dwh-pipeline-dbt/venv-dbt/lib/python3.9/site-packages/elementary/monitor/dbt_project
2024-04-26 17:16:52 — DEBUG — Result bytes size for command '['dbt', '--log-format', 'json', 'run-operation', 'elementary.log_macro_results', '--args', '{"macro_name": "elementary_cli.get_exposures", "macro_args": {}}', '--project-dir', '/Users/edoardosezzi/Desktop/habacus/dwh-pipeline-dbt/venv-dbt/lib/python3.9/site-packages/elementary/monitor/dbt_project']' is 1817
2024-04-26 17:16:52 — INFO — Running dbt --log-format json run-operation elementary.log_macro_results --args {"macro_name": "elementary_cli.get_models_runs", "macro_args": {"days_back": 7, "exclude_elementary": true}} --project-dir /Users/edoardosezzi/Desktop/habacus/dwh-pipeline-dbt/venv-dbt/lib/python3.9/site-packages/elementary/monitor/dbt_project
2024-04-26 17:16:59 — DEBUG — Result bytes size for command '['dbt', '--log-format', 'json', 'run-operation', 'elementary.log_macro_results', '--args', '{"macro_name": "elementary_cli.get_models_runs", "macro_args": {"days_back": 7, "exclude_elementary": true}}', '--project-dir', '/Users/edoardosezzi/Desktop/habacus/dwh-pipeline-dbt/venv-dbt/lib/python3.9/site-packages/elementary/monitor/dbt_project']' is 1817
2024-04-26 17:16:59 — INFO — Running dbt --log-format json run-operation elementary.log_macro_results --args {"macro_name": "elementary_cli.get_dbt_models_test_coverage", "macro_args": {}} --project-dir /Users/edoardosezzi/Desktop/habacus/dwh-pipeline-dbt/venv-dbt/lib/python3.9/site-packages/elementary/monitor/dbt_project
2024-04-26 17:17:02 — DEBUG — Result bytes size for command '['dbt', '--log-format', 'json', 'run-operation', 'elementary.log_macro_results', '--args', '{"macro_name": "elementary_cli.get_dbt_models_test_coverage", "macro_args": {}}', '--project-dir', '/Users/edoardosezzi/Desktop/habacus/dwh-pipeline-dbt/venv-dbt/lib/python3.9/site-packages/elementary/monitor/dbt_project']' is 2507
2024-04-26 17:17:02 — INFO — Running dbt --log-format json run-operation elementary.log_macro_results --args {"macro_name": "elementary_cli.get_nodes_depends_on_nodes", "macro_args": {"exclude_elementary": true}} --project-dir /Users/edoardosezzi/Desktop/habacus/dwh-pipeline-dbt/venv-dbt/lib/python3.9/site-packages/elementary/monitor/dbt_project
2024-04-26 17:17:06 — DEBUG — Result bytes size for command '['dbt', '--log-format', 'json', 'run-operation', 'elementary.log_macro_results', '--args', '{"macro_name": "elementary_cli.get_nodes_depends_on_nodes", "macro_args": {"exclude_elementary": true}}', '--project-dir', '/Users/edoardosezzi/Desktop/habacus/dwh-pipeline-dbt/venv-dbt/lib/python3.9/site-packages/elementary/monitor/dbt_project']' is 3753
2024-04-26 17:17:06 — INFO — Running dbt --log-format json run-operation elementary.log_macro_results --args {"macro_name": "elementary_cli.get_models_latest_invocation", "macro_args": {}} --project-dir /Users/edoardosezzi/Desktop/habacus/dwh-pipeline-dbt/venv-dbt/lib/python3.9/site-packages/elementary/monitor/dbt_project
2024-04-26 17:17:11 — DEBUG — Result bytes size for command '['dbt', '--log-format', 'json', 'run-operation', 'elementary.log_macro_results', '--args', '{"macro_name": "elementary_cli.get_models_latest_invocation", "macro_args": {}}', '--project-dir', '/Users/edoardosezzi/Desktop/habacus/dwh-pipeline-dbt/venv-dbt/lib/python3.9/site-packages/elementary/monitor/dbt_project']' is 8913
2024-04-26 17:17:11 — INFO — Running dbt --log-format json run-operation elementary.log_macro_results --args {"macro_name": "elementary_cli.get_models_latest_invocations_data", "macro_args": {}} --project-dir /Users/edoardosezzi/Desktop/habacus/dwh-pipeline-dbt/venv-dbt/lib/python3.9/site-packages/elementary/monitor/dbt_project
2024-04-26 17:17:40 — INFO — Running with edr=0.14.1
2024-04-26 17:17:40 — DEBUG — Running dbt --log-format json run-operation elementary.log_macro_results --args {"macro_name": "elementary_cli.get_latest_invocation", "macro_args": {}} --project-dir /Users/edoardosezzi/Desktop/habacus/dwh-pipeline-dbt/venv-dbt/lib/python3.9/site-packages/elementary/monitor/dbt_project
2024-04-26 17:17:45 — DEBUG — Result bytes size for command '['dbt', '--log-format', 'json', 'run-operation', 'elementary.log_macro_results', '--args', '{"macro_name": "elementary_cli.get_latest_invocation", "macro_args": {}}', '--project-dir', '/Users/edoardosezzi/Desktop/habacus/dwh-pipeline-dbt/venv-dbt/lib/python3.9/site-packages/elementary/monitor/dbt_project']' is 3873
2024-04-26 17:17:45 — DEBUG — Running dbt --log-format json run-operation elementary.log_macro_results --args {"macro_name": "elementary_cli.get_adapter_type_and_unique_id", "macro_args": {}} --project-dir /Users/edoardosezzi/Desktop/habacus/dwh-pipeline-dbt/venv-dbt/lib/python3.9/site-packages/elementary/monitor/dbt_project
2024-04-26 17:17:47 — DEBUG — Result bytes size for command '['dbt', '--log-format', 'json', 'run-operation', 'elementary.log_macro_results', '--args', '{"macro_name": "elementary_cli.get_adapter_type_and_unique_id", "macro_args": {}}', '--project-dir', '/Users/edoardosezzi/Desktop/habacus/dwh-pipeline-dbt/venv-dbt/lib/python3.9/site-packages/elementary/monitor/dbt_project']' is 1899
2024-04-26 17:17:47 — INFO — edr (0.14.1) and Elementary's dbt package (0.14.1) are compatible.
2024-04-26 17:17:47 — DEBUG — Running dbt --log-format json run-operation elementary.log_macro_results --args {"macro_name": "elementary_cli.get_elementary_database_and_schema", "macro_args": {}} --project-dir /Users/edoardosezzi/Desktop/habacus/dwh-pipeline-dbt/venv-dbt/lib/python3.9/site-packages/elementary/monitor/dbt_project
2024-04-26 17:17:49 — DEBUG — Result bytes size for command '['dbt', '--log-format', 'json', 'run-operation', 'elementary.log_macro_results', '--args', '{"macro_name": "elementary_cli.get_elementary_database_and_schema", "macro_args": {}}', '--project-dir', '/Users/edoardosezzi/Desktop/habacus/dwh-pipeline-dbt/venv-dbt/lib/python3.9/site-packages/elementary/monitor/dbt_project']' is 1899
2024-04-26 17:17:49 — INFO — Elementary's database and schema: '"habacus-dwh-prod-eu-001.habacus_curated"'
2024-04-26 17:17:49 — INFO — Running dbt --log-format json run-operation elementary.log_macro_results --args {"macro_name": "elementary_cli.get_test_results", "macro_args": {"days_back": 7, "invocations_per_test": 720, "disable_passed_test_metrics": false}} --project-dir /Users/edoardosezzi/Desktop/habacus/dwh-pipeline-dbt/venv-dbt/lib/python3.9/site-packages/elementary/monitor/dbt_project
2024-04-26 17:17:54 — DEBUG — Result bytes size for command '['dbt', '--log-format', 'json', 'run-operation', 'elementary.log_macro_results', '--args', '{"macro_name": "elementary_cli.get_test_results", "macro_args": {"days_back": 7, "invocations_per_test": 720, "disable_passed_test_metrics": false}}', '--project-dir', '/Users/edoardosezzi/Desktop/habacus/dwh-pipeline-dbt/venv-dbt/lib/python3.9/site-packages/elementary/monitor/dbt_project']' is 50325
2024-04-26 17:17:54 — INFO — Running dbt --log-format json run-operation elementary.log_macro_results --args {"macro_name": "elementary_cli.get_source_freshness_results", "macro_args": {"days_back": 7, "invocations_per_test": 720}} --project-dir /Users/edoardosezzi/Desktop/habacus/dwh-pipeline-dbt/venv-dbt/lib/python3.9/site-packages/elementary/monitor/dbt_project
2024-04-26 17:17:59 — DEBUG — Result bytes size for command '['dbt', '--log-format', 'json', 'run-operation', 'elementary.log_macro_results', '--args', '{"macro_name": "elementary_cli.get_source_freshness_results", "macro_args": {"days_back": 7, "invocations_per_test": 720}}', '--project-dir', '/Users/edoardosezzi/Desktop/habacus/dwh-pipeline-dbt/venv-dbt/lib/python3.9/site-packages/elementary/monitor/dbt_project']' is 1817
2024-04-26 17:17:59 — INFO — Running dbt --log-format json run-operation elementary.log_macro_results --args {"macro_name": "elementary_cli.get_models", "macro_args": {"exclude_elementary": true}} --project-dir /Users/edoardosezzi/Desktop/habacus/dwh-pipeline-dbt/venv-dbt/lib/python3.9/site-packages/elementary/monitor/dbt_project
2024-04-26 17:18:02 — DEBUG — Result bytes size for command '['dbt', '--log-format', 'json', 'run-operation', 'elementary.log_macro_results', '--args', '{"macro_name": "elementary_cli.get_models", "macro_args": {"exclude_elementary": true}}', '--project-dir', '/Users/edoardosezzi/Desktop/habacus/dwh-pipeline-dbt/venv-dbt/lib/python3.9/site-packages/elementary/monitor/dbt_project']' is 4549
2024-04-26 17:18:02 — INFO — Running dbt --log-format json run-operation elementary.log_macro_results --args {"macro_name": "elementary_cli.get_sources", "macro_args": {}} --project-dir /Users/edoardosezzi/Desktop/habacus/dwh-pipeline-dbt/venv-dbt/lib/python3.9/site-packages/elementary/monitor/dbt_project
2024-04-26 17:18:07 — DEBUG — Result bytes size for command '['dbt', '--log-format', 'json', 'run-operation', 'elementary.log_macro_results', '--args', '{"macro_name": "elementary_cli.get_sources", "macro_args": {}}', '--project-dir', '/Users/edoardosezzi/Desktop/habacus/dwh-pipeline-dbt/venv-dbt/lib/python3.9/site-packages/elementary/monitor/dbt_project']' is 4187
2024-04-26 17:18:07 — INFO — Running dbt --log-format json run-operation elementary.log_macro_results --args {"macro_name": "elementary_cli.get_exposures", "macro_args": {}} --project-dir /Users/edoardosezzi/Desktop/habacus/dwh-pipeline-dbt/venv-dbt/lib/python3.9/site-packages/elementary/monitor/dbt_project
2024-04-26 17:18:11 — DEBUG — Result bytes size for command '['dbt', '--log-format', 'json', 'run-operation', 'elementary.log_macro_results', '--args', '{"macro_name": "elementary_cli.get_exposures", "macro_args": {}}', '--project-dir', '/Users/edoardosezzi/Desktop/habacus/dwh-pipeline-dbt/venv-dbt/lib/python3.9/site-packages/elementary/monitor/dbt_project']' is 1817
2024-04-26 17:18:11 — INFO — Running dbt --log-format json run-operation elementary.log_macro_results --args {"macro_name": "elementary_cli.get_models_runs", "macro_args": {"days_back": 7, "exclude_elementary": true}} --project-dir /Users/edoardosezzi/Desktop/habacus/dwh-pipeline-dbt/venv-dbt/lib/python3.9/site-packages/elementary/monitor/dbt_project
2024-04-26 17:18:15 — DEBUG — Result bytes size for command '['dbt', '--log-format', 'json', 'run-operation', 'elementary.log_macro_results', '--args', '{"macro_name": "elementary_cli.get_models_runs", "macro_args": {"days_back": 7, "exclude_elementary": true}}', '--project-dir', '/Users/edoardosezzi/Desktop/habacus/dwh-pipeline-dbt/venv-dbt/lib/python3.9/site-packages/elementary/monitor/dbt_project']' is 1817
2024-04-26 17:18:15 — INFO — Running dbt --log-format json run-operation elementary.log_macro_results --args {"macro_name": "elementary_cli.get_dbt_models_test_coverage", "macro_args": {}} --project-dir /Users/edoardosezzi/Desktop/habacus/dwh-pipeline-dbt/venv-dbt/lib/python3.9/site-packages/elementary/monitor/dbt_project
2024-04-26 17:18:19 — DEBUG — Result bytes size for command '['dbt', '--log-format', 'json', 'run-operation', 'elementary.log_macro_results', '--args', '{"macro_name": "elementary_cli.get_dbt_models_test_coverage", "macro_args": {}}', '--project-dir', '/Users/edoardosezzi/Desktop/habacus/dwh-pipeline-dbt/venv-dbt/lib/python3.9/site-packages/elementary/monitor/dbt_project']' is 2507
2024-04-26 17:18:19 — INFO — Running dbt --log-format json run-operation elementary.log_macro_results --args {"macro_name": "elementary_cli.get_nodes_depends_on_nodes", "macro_args": {"exclude_elementary": true}} --project-dir /Users/edoardosezzi/Desktop/habacus/dwh-pipeline-dbt/venv-dbt/lib/python3.9/site-packages/elementary/monitor/dbt_project
2024-04-26 17:18:22 — DEBUG — Result bytes size for command '['dbt', '--log-format', 'json', 'run-operation', 'elementary.log_macro_results', '--args', '{"macro_name": "elementary_cli.get_nodes_depends_on_nodes", "macro_args": {"exclude_elementary": true}}', '--project-dir', '/Users/edoardosezzi/Desktop/habacus/dwh-pipeline-dbt/venv-dbt/lib/python3.9/site-packages/elementary/monitor/dbt_project']' is 3753
2024-04-26 17:18:22 — INFO — Running dbt --log-format json run-operation elementary.log_macro_results --args {"macro_name": "elementary_cli.get_models_latest_invocation", "macro_args": {}} --project-dir /Users/edoardosezzi/Desktop/habacus/dwh-pipeline-dbt/venv-dbt/lib/python3.9/site-packages/elementary/monitor/dbt_project
2024-04-26 17:18:26 — DEBUG — Result bytes size for command '['dbt', '--log-format', 'json', 'run-operation', 'elementary.log_macro_results', '--args', '{"macro_name": "elementary_cli.get_models_latest_invocation", "macro_args": {}}', '--project-dir', '/Users/edoardosezzi/Desktop/habacus/dwh-pipeline-dbt/venv-dbt/lib/python3.9/site-packages/elementary/monitor/dbt_project']' is 8913
2024-04-26 17:18:26 — INFO — Running dbt --log-format json run-operation elementary.log_macro_results --args {"macro_name": "elementary_cli.get_models_latest_invocations_data", "macro_args": {}} --project-dir /Users/edoardosezzi/Desktop/habacus/dwh-pipeline-dbt/venv-dbt/lib/python3.9/site-packages/elementary/monitor/dbt_project
2024-04-26 17:18:30 — DEBUG — Result bytes size for command '['dbt', '--log-format', 'json', 'run-operation', 'elementary.log_macro_results', '--args', '{"macro_name": "elementary_cli.get_models_latest_invocations_data", "macro_args": {}}', '--project-dir', '/Users/edoardosezzi/Desktop/habacus/dwh-pipeline-dbt/venv-dbt/lib/python3.9/site-packages/elementary/monitor/dbt_project']' is 2275
2024-04-29 13:01:00 — INFO — Running with edr=0.14.1
2024-04-29 13:01:00 — DEBUG — Running dbt --log-format json run-operation elementary.log_macro_results --args {"macro_name": "elementary_cli.get_latest_invocation", "macro_args": {}} --project-dir /Users/edoardosezzi/Desktop/habacus/dwh-pipeline-dbt/venv-dbt/lib/python3.9/site-packages/elementary/monitor/dbt_project
2024-04-29 13:01:18 — DEBUG — Result bytes size for command '['dbt', '--log-format', 'json', 'run-operation', 'elementary.log_macro_results', '--args', '{"macro_name": "elementary_cli.get_latest_invocation", "macro_args": {}}', '--project-dir', '/Users/edoardosezzi/Desktop/habacus/dwh-pipeline-dbt/venv-dbt/lib/python3.9/site-packages/elementary/monitor/dbt_project']' is 3873
2024-04-29 13:01:18 — DEBUG — Running dbt --log-format json run-operation elementary.log_macro_results --args {"macro_name": "elementary_cli.get_adapter_type_and_unique_id", "macro_args": {}} --project-dir /Users/edoardosezzi/Desktop/habacus/dwh-pipeline-dbt/venv-dbt/lib/python3.9/site-packages/elementary/monitor/dbt_project
2024-04-29 13:01:21 — DEBUG — Result bytes size for command '['dbt', '--log-format', 'json', 'run-operation', 'elementary.log_macro_results', '--args', '{"macro_name": "elementary_cli.get_adapter_type_and_unique_id", "macro_args": {}}', '--project-dir', '/Users/edoardosezzi/Desktop/habacus/dwh-pipeline-dbt/venv-dbt/lib/python3.9/site-packages/elementary/monitor/dbt_project']' is 1899
2024-04-29 13:01:21 — INFO — edr (0.14.1) and Elementary's dbt package (0.14.1) are compatible.
2024-04-29 13:01:21 — DEBUG — Running dbt --log-format json run-operation elementary.log_macro_results --args {"macro_name": "elementary_cli.get_elementary_database_and_schema", "macro_args": {}} --project-dir /Users/edoardosezzi/Desktop/habacus/dwh-pipeline-dbt/venv-dbt/lib/python3.9/site-packages/elementary/monitor/dbt_project
2024-04-29 13:01:24 — DEBUG — Result bytes size for command '['dbt', '--log-format', 'json', 'run-operation', 'elementary.log_macro_results', '--args', '{"macro_name": "elementary_cli.get_elementary_database_and_schema", "macro_args": {}}', '--project-dir', '/Users/edoardosezzi/Desktop/habacus/dwh-pipeline-dbt/venv-dbt/lib/python3.9/site-packages/elementary/monitor/dbt_project']' is 1899
2024-04-29 13:01:24 — INFO — Elementary's database and schema: '"habacus-dwh-prod-eu-001.habacus_curated"'
2024-04-29 13:01:24 — INFO — Running dbt --log-format json run-operation elementary.log_macro_results --args {"macro_name": "elementary_cli.get_test_results", "macro_args": {"days_back": 7, "invocations_per_test": 720, "disable_passed_test_metrics": false}} --project-dir /Users/edoardosezzi/Desktop/habacus/dwh-pipeline-dbt/venv-dbt/lib/python3.9/site-packages/elementary/monitor/dbt_project
2024-04-29 13:01:30 — DEBUG — Result bytes size for command '['dbt', '--log-format', 'json', 'run-operation', 'elementary.log_macro_results', '--args', '{"macro_name": "elementary_cli.get_test_results", "macro_args": {"days_back": 7, "invocations_per_test": 720, "disable_passed_test_metrics": false}}', '--project-dir', '/Users/edoardosezzi/Desktop/habacus/dwh-pipeline-dbt/venv-dbt/lib/python3.9/site-packages/elementary/monitor/dbt_project']' is 56331
2024-04-29 13:01:30 — INFO — Running dbt --log-format json run-operation elementary.log_macro_results --args {"macro_name": "elementary_cli.get_source_freshness_results", "macro_args": {"days_back": 7, "invocations_per_test": 720}} --project-dir /Users/edoardosezzi/Desktop/habacus/dwh-pipeline-dbt/venv-dbt/lib/python3.9/site-packages/elementary/monitor/dbt_project
2024-04-29 13:01:37 — DEBUG — Result bytes size for command '['dbt', '--log-format', 'json', 'run-operation', 'elementary.log_macro_results', '--args', '{"macro_name": "elementary_cli.get_source_freshness_results", "macro_args": {"days_back": 7, "invocations_per_test": 720}}', '--project-dir', '/Users/edoardosezzi/Desktop/habacus/dwh-pipeline-dbt/venv-dbt/lib/python3.9/site-packages/elementary/monitor/dbt_project']' is 1817
2024-04-29 13:01:37 — INFO — Running dbt --log-format json run-operation elementary.log_macro_results --args {"macro_name": "elementary_cli.get_models", "macro_args": {"exclude_elementary": true}} --project-dir /Users/edoardosezzi/Desktop/habacus/dwh-pipeline-dbt/venv-dbt/lib/python3.9/site-packages/elementary/monitor/dbt_project
2024-04-29 13:01:43 — DEBUG — Result bytes size for command '['dbt', '--log-format', 'json', 'run-operation', 'elementary.log_macro_results', '--args', '{"macro_name": "elementary_cli.get_models", "macro_args": {"exclude_elementary": true}}', '--project-dir', '/Users/edoardosezzi/Desktop/habacus/dwh-pipeline-dbt/venv-dbt/lib/python3.9/site-packages/elementary/monitor/dbt_project']' is 4549
2024-04-29 13:01:43 — INFO — Running dbt --log-format json run-operation elementary.log_macro_results --args {"macro_name": "elementary_cli.get_sources", "macro_args": {}} --project-dir /Users/edoardosezzi/Desktop/habacus/dwh-pipeline-dbt/venv-dbt/lib/python3.9/site-packages/elementary/monitor/dbt_project
2024-04-29 13:01:49 — DEBUG — Result bytes size for command '['dbt', '--log-format', 'json', 'run-operation', 'elementary.log_macro_results', '--args', '{"macro_name": "elementary_cli.get_sources", "macro_args": {}}', '--project-dir', '/Users/edoardosezzi/Desktop/habacus/dwh-pipeline-dbt/venv-dbt/lib/python3.9/site-packages/elementary/monitor/dbt_project']' is 4947
2024-04-29 13:01:49 — INFO — Running dbt --log-format json run-operation elementary.log_macro_results --args {"macro_name": "elementary_cli.get_exposures", "macro_args": {}} --project-dir /Users/edoardosezzi/Desktop/habacus/dwh-pipeline-dbt/venv-dbt/lib/python3.9/site-packages/elementary/monitor/dbt_project
2024-04-29 13:01:59 — DEBUG — Result bytes size for command '['dbt', '--log-format', 'json', 'run-operation', 'elementary.log_macro_results', '--args', '{"macro_name": "elementary_cli.get_exposures", "macro_args": {}}', '--project-dir', '/Users/edoardosezzi/Desktop/habacus/dwh-pipeline-dbt/venv-dbt/lib/python3.9/site-packages/elementary/monitor/dbt_project']' is 1817
2024-04-29 13:01:59 — INFO — Running dbt --log-format json run-operation elementary.log_macro_results --args {"macro_name": "elementary_cli.get_models_runs", "macro_args": {"days_back": 7, "exclude_elementary": true}} --project-dir /Users/edoardosezzi/Desktop/habacus/dwh-pipeline-dbt/venv-dbt/lib/python3.9/site-packages/elementary/monitor/dbt_project
2024-04-29 13:02:19 — DEBUG — Result bytes size for command '['dbt', '--log-format', 'json', 'run-operation', 'elementary.log_macro_results', '--args', '{"macro_name": "elementary_cli.get_models_runs", "macro_args": {"days_back": 7, "exclude_elementary": true}}', '--project-dir', '/Users/edoardosezzi/Desktop/habacus/dwh-pipeline-dbt/venv-dbt/lib/python3.9/site-packages/elementary/monitor/dbt_project']' is 77133
2024-04-29 13:02:19 — INFO — Running dbt --log-format json run-operation elementary.log_macro_results --args {"macro_name": "elementary_cli.get_dbt_models_test_coverage", "macro_args": {}} --project-dir /Users/edoardosezzi/Desktop/habacus/dwh-pipeline-dbt/venv-dbt/lib/python3.9/site-packages/elementary/monitor/dbt_project
2024-04-29 13:02:27 — DEBUG — Result bytes size for command '['dbt', '--log-format', 'json', 'run-operation', 'elementary.log_macro_results', '--args', '{"macro_name": "elementary_cli.get_dbt_models_test_coverage", "macro_args": {}}', '--project-dir', '/Users/edoardosezzi/Desktop/habacus/dwh-pipeline-dbt/venv-dbt/lib/python3.9/site-packages/elementary/monitor/dbt_project']' is 2893
2024-04-29 13:02:27 — INFO — Running dbt --log-format json run-operation elementary.log_macro_results --args {"macro_name": "elementary_cli.get_nodes_depends_on_nodes", "macro_args": {"exclude_elementary": true}} --project-dir /Users/edoardosezzi/Desktop/habacus/dwh-pipeline-dbt/venv-dbt/lib/python3.9/site-packages/elementary/monitor/dbt_project
2024-04-29 13:02:32 — DEBUG — Result bytes size for command '['dbt', '--log-format', 'json', 'run-operation', 'elementary.log_macro_results', '--args', '{"macro_name": "elementary_cli.get_nodes_depends_on_nodes", "macro_args": {"exclude_elementary": true}}', '--project-dir', '/Users/edoardosezzi/Desktop/habacus/dwh-pipeline-dbt/venv-dbt/lib/python3.9/site-packages/elementary/monitor/dbt_project']' is 4087
2024-04-29 13:02:32 — INFO — Running dbt --log-format json run-operation elementary.log_macro_results --args {"macro_name": "elementary_cli.get_models_latest_invocation", "macro_args": {}} --project-dir /Users/edoardosezzi/Desktop/habacus/dwh-pipeline-dbt/venv-dbt/lib/python3.9/site-packages/elementary/monitor/dbt_project
2024-04-29 13:02:37 — DEBUG — Result bytes size for command '['dbt', '--log-format', 'json', 'run-operation', 'elementary.log_macro_results', '--args', '{"macro_name": "elementary_cli.get_models_latest_invocation", "macro_args": {}}', '--project-dir', '/Users/edoardosezzi/Desktop/habacus/dwh-pipeline-dbt/venv-dbt/lib/python3.9/site-packages/elementary/monitor/dbt_project']' is 9637
2024-04-29 13:02:37 — INFO — Running dbt --log-format json run-operation elementary.log_macro_results --args {"macro_name": "elementary_cli.get_models_latest_invocations_data", "macro_args": {}} --project-dir /Users/edoardosezzi/Desktop/habacus/dwh-pipeline-dbt/venv-dbt/lib/python3.9/site-packages/elementary/monitor/dbt_project
2024-04-29 14:06:08 — DEBUG — Result bytes size for command '['dbt', '--log-format', 'json', 'run-operation', 'elementary.log_macro_results', '--args', '{"macro_name": "elementary_cli.get_models_latest_invocations_data", "macro_args": {}}', '--project-dir', '/Users/edoardosezzi/Desktop/habacus/dwh-pipeline-dbt/venv-dbt/lib/python3.9/site-packages/elementary/monitor/dbt_project']' is 2239
2024-04-29 15:04:33 — INFO — Running with edr=0.14.1
2024-04-29 15:04:33 — DEBUG — Running dbt --log-format json run-operation elementary.log_macro_results --args {"macro_name": "elementary_cli.get_latest_invocation", "macro_args": {}} --project-dir /Users/edoardosezzi/Desktop/habacus/dwh-pipeline-dbt/venv-dbt/lib/python3.9/site-packages/elementary/monitor/dbt_project
2024-04-29 15:04:37 — DEBUG — Result bytes size for command '['dbt', '--log-format', 'json', 'run-operation', 'elementary.log_macro_results', '--args', '{"macro_name": "elementary_cli.get_latest_invocation", "macro_args": {}}', '--project-dir', '/Users/edoardosezzi/Desktop/habacus/dwh-pipeline-dbt/venv-dbt/lib/python3.9/site-packages/elementary/monitor/dbt_project']' is 3873
2024-04-29 15:04:37 — DEBUG — Running dbt --log-format json run-operation elementary.log_macro_results --args {"macro_name": "elementary_cli.get_adapter_type_and_unique_id", "macro_args": {}} --project-dir /Users/edoardosezzi/Desktop/habacus/dwh-pipeline-dbt/venv-dbt/lib/python3.9/site-packages/elementary/monitor/dbt_project
2024-04-29 15:04:39 — DEBUG — Result bytes size for command '['dbt', '--log-format', 'json', 'run-operation', 'elementary.log_macro_results', '--args', '{"macro_name": "elementary_cli.get_adapter_type_and_unique_id", "macro_args": {}}', '--project-dir', '/Users/edoardosezzi/Desktop/habacus/dwh-pipeline-dbt/venv-dbt/lib/python3.9/site-packages/elementary/monitor/dbt_project']' is 1899
2024-04-29 15:04:39 — INFO — edr (0.14.1) and Elementary's dbt package (0.14.1) are compatible.
2024-04-29 15:04:39 — DEBUG — Running dbt --log-format json run-operation elementary.log_macro_results --args {"macro_name": "elementary_cli.get_elementary_database_and_schema", "macro_args": {}} --project-dir /Users/edoardosezzi/Desktop/habacus/dwh-pipeline-dbt/venv-dbt/lib/python3.9/site-packages/elementary/monitor/dbt_project
2024-04-29 15:04:41 — DEBUG — Result bytes size for command '['dbt', '--log-format', 'json', 'run-operation', 'elementary.log_macro_results', '--args', '{"macro_name": "elementary_cli.get_elementary_database_and_schema", "macro_args": {}}', '--project-dir', '/Users/edoardosezzi/Desktop/habacus/dwh-pipeline-dbt/venv-dbt/lib/python3.9/site-packages/elementary/monitor/dbt_project']' is 1899
2024-04-29 15:04:41 — INFO — Elementary's database and schema: '"habacus-dwh-prod-eu-001.habacus_curated"'
2024-04-29 15:04:41 — INFO — Running dbt --log-format json run-operation elementary.log_macro_results --args {"macro_name": "elementary_cli.get_test_results", "macro_args": {"days_back": 7, "invocations_per_test": 720, "disable_passed_test_metrics": false}} --project-dir /Users/edoardosezzi/Desktop/habacus/dwh-pipeline-dbt/venv-dbt/lib/python3.9/site-packages/elementary/monitor/dbt_project
2024-04-29 15:04:47 — DEBUG — Result bytes size for command '['dbt', '--log-format', 'json', 'run-operation', 'elementary.log_macro_results', '--args', '{"macro_name": "elementary_cli.get_test_results", "macro_args": {"days_back": 7, "invocations_per_test": 720, "disable_passed_test_metrics": false}}', '--project-dir', '/Users/edoardosezzi/Desktop/habacus/dwh-pipeline-dbt/venv-dbt/lib/python3.9/site-packages/elementary/monitor/dbt_project']' is 117955
2024-04-29 15:04:47 — INFO — Running dbt --log-format json run-operation elementary.log_macro_results --args {"macro_name": "elementary_cli.get_source_freshness_results", "macro_args": {"days_back": 7, "invocations_per_test": 720}} --project-dir /Users/edoardosezzi/Desktop/habacus/dwh-pipeline-dbt/venv-dbt/lib/python3.9/site-packages/elementary/monitor/dbt_project
2024-04-29 15:04:52 — DEBUG — Result bytes size for command '['dbt', '--log-format', 'json', 'run-operation', 'elementary.log_macro_results', '--args', '{"macro_name": "elementary_cli.get_source_freshness_results", "macro_args": {"days_back": 7, "invocations_per_test": 720}}', '--project-dir', '/Users/edoardosezzi/Desktop/habacus/dwh-pipeline-dbt/venv-dbt/lib/python3.9/site-packages/elementary/monitor/dbt_project']' is 1817
2024-04-29 15:04:52 — INFO — Running dbt --log-format json run-operation elementary.log_macro_results --args {"macro_name": "elementary_cli.get_models", "macro_args": {"exclude_elementary": true}} --project-dir /Users/edoardosezzi/Desktop/habacus/dwh-pipeline-dbt/venv-dbt/lib/python3.9/site-packages/elementary/monitor/dbt_project
2024-04-29 15:04:56 — DEBUG — Result bytes size for command '['dbt', '--log-format', 'json', 'run-operation', 'elementary.log_macro_results', '--args', '{"macro_name": "elementary_cli.get_models", "macro_args": {"exclude_elementary": true}}', '--project-dir', '/Users/edoardosezzi/Desktop/habacus/dwh-pipeline-dbt/venv-dbt/lib/python3.9/site-packages/elementary/monitor/dbt_project']' is 4549
2024-04-29 15:04:56 — INFO — Running dbt --log-format json run-operation elementary.log_macro_results --args {"macro_name": "elementary_cli.get_sources", "macro_args": {}} --project-dir /Users/edoardosezzi/Desktop/habacus/dwh-pipeline-dbt/venv-dbt/lib/python3.9/site-packages/elementary/monitor/dbt_project
2024-04-29 15:04:59 — DEBUG — Result bytes size for command '['dbt', '--log-format', 'json', 'run-operation', 'elementary.log_macro_results', '--args', '{"macro_name": "elementary_cli.get_sources", "macro_args": {}}', '--project-dir', '/Users/edoardosezzi/Desktop/habacus/dwh-pipeline-dbt/venv-dbt/lib/python3.9/site-packages/elementary/monitor/dbt_project']' is 4907
2024-04-29 15:04:59 — INFO — Running dbt --log-format json run-operation elementary.log_macro_results --args {"macro_name": "elementary_cli.get_exposures", "macro_args": {}} --project-dir /Users/edoardosezzi/Desktop/habacus/dwh-pipeline-dbt/venv-dbt/lib/python3.9/site-packages/elementary/monitor/dbt_project
2024-04-29 15:05:04 — DEBUG — Result bytes size for command '['dbt', '--log-format', 'json', 'run-operation', 'elementary.log_macro_results', '--args', '{"macro_name": "elementary_cli.get_exposures", "macro_args": {}}', '--project-dir', '/Users/edoardosezzi/Desktop/habacus/dwh-pipeline-dbt/venv-dbt/lib/python3.9/site-packages/elementary/monitor/dbt_project']' is 1817
2024-04-29 15:05:04 — INFO — Running dbt --log-format json run-operation elementary.log_macro_results --args {"macro_name": "elementary_cli.get_models_runs", "macro_args": {"days_back": 7, "exclude_elementary": true}} --project-dir /Users/edoardosezzi/Desktop/habacus/dwh-pipeline-dbt/venv-dbt/lib/python3.9/site-packages/elementary/monitor/dbt_project
2024-04-29 15:05:09 — DEBUG — Result bytes size for command '['dbt', '--log-format', 'json', 'run-operation', 'elementary.log_macro_results', '--args', '{"macro_name": "elementary_cli.get_models_runs", "macro_args": {"days_back": 7, "exclude_elementary": true}}', '--project-dir', '/Users/edoardosezzi/Desktop/habacus/dwh-pipeline-dbt/venv-dbt/lib/python3.9/site-packages/elementary/monitor/dbt_project']' is 77133
2024-04-29 15:05:09 — INFO — Running dbt --log-format json run-operation elementary.log_macro_results --args {"macro_name": "elementary_cli.get_dbt_models_test_coverage", "macro_args": {}} --project-dir /Users/edoardosezzi/Desktop/habacus/dwh-pipeline-dbt/venv-dbt/lib/python3.9/site-packages/elementary/monitor/dbt_project
2024-04-29 15:05:12 — DEBUG — Result bytes size for command '['dbt', '--log-format', 'json', 'run-operation', 'elementary.log_macro_results', '--args', '{"macro_name": "elementary_cli.get_dbt_models_test_coverage", "macro_args": {}}', '--project-dir', '/Users/edoardosezzi/Desktop/habacus/dwh-pipeline-dbt/venv-dbt/lib/python3.9/site-packages/elementary/monitor/dbt_project']' is 2893
2024-04-29 15:05:12 — INFO — Running dbt --log-format json run-operation elementary.log_macro_results --args {"macro_name": "elementary_cli.get_nodes_depends_on_nodes", "macro_args": {"exclude_elementary": true}} --project-dir /Users/edoardosezzi/Desktop/habacus/dwh-pipeline-dbt/venv-dbt/lib/python3.9/site-packages/elementary/monitor/dbt_project
2024-04-29 15:05:16 — DEBUG — Result bytes size for command '['dbt', '--log-format', 'json', 'run-operation', 'elementary.log_macro_results', '--args', '{"macro_name": "elementary_cli.get_nodes_depends_on_nodes", "macro_args": {"exclude_elementary": true}}', '--project-dir', '/Users/edoardosezzi/Desktop/habacus/dwh-pipeline-dbt/venv-dbt/lib/python3.9/site-packages/elementary/monitor/dbt_project']' is 4087
2024-04-29 15:05:16 — INFO — Running dbt --log-format json run-operation elementary.log_macro_results --args {"macro_name": "elementary_cli.get_models_latest_invocation", "macro_args": {}} --project-dir /Users/edoardosezzi/Desktop/habacus/dwh-pipeline-dbt/venv-dbt/lib/python3.9/site-packages/elementary/monitor/dbt_project
2024-04-29 15:05:20 — DEBUG — Result bytes size for command '['dbt', '--log-format', 'json', 'run-operation', 'elementary.log_macro_results', '--args', '{"macro_name": "elementary_cli.get_models_latest_invocation", "macro_args": {}}', '--project-dir', '/Users/edoardosezzi/Desktop/habacus/dwh-pipeline-dbt/venv-dbt/lib/python3.9/site-packages/elementary/monitor/dbt_project']' is 9637
2024-04-29 15:05:20 — INFO — Running dbt --log-format json run-operation elementary.log_macro_results --args {"macro_name": "elementary_cli.get_models_latest_invocations_data", "macro_args": {}} --project-dir /Users/edoardosezzi/Desktop/habacus/dwh-pipeline-dbt/venv-dbt/lib/python3.9/site-packages/elementary/monitor/dbt_project
2024-04-29 15:05:24 — DEBUG — Result bytes size for command '['dbt', '--log-format', 'json', 'run-operation', 'elementary.log_macro_results', '--args', '{"macro_name": "elementary_cli.get_models_latest_invocations_data", "macro_args": {}}', '--project-dir', '/Users/edoardosezzi/Desktop/habacus/dwh-pipeline-dbt/venv-dbt/lib/python3.9/site-packages/elementary/monitor/dbt_project']' is 2239
2024-04-29 16:51:37 — INFO — Running with edr=0.14.1
2024-04-29 16:51:37 — DEBUG — Running dbt --log-format json run-operation elementary.log_macro_results --args {"macro_name": "elementary_cli.get_latest_invocation", "macro_args": {}} --project-dir /Users/edoardosezzi/Desktop/habacus/dwh-pipeline-dbt/venv-dbt/lib/python3.9/site-packages/elementary/monitor/dbt_project
2024-04-29 16:51:41 — DEBUG — Result bytes size for command '['dbt', '--log-format', 'json', 'run-operation', 'elementary.log_macro_results', '--args', '{"macro_name": "elementary_cli.get_latest_invocation", "macro_args": {}}', '--project-dir', '/Users/edoardosezzi/Desktop/habacus/dwh-pipeline-dbt/venv-dbt/lib/python3.9/site-packages/elementary/monitor/dbt_project']' is 3873
2024-04-29 16:51:41 — DEBUG — Running dbt --log-format json run-operation elementary.log_macro_results --args {"macro_name": "elementary_cli.get_adapter_type_and_unique_id", "macro_args": {}} --project-dir /Users/edoardosezzi/Desktop/habacus/dwh-pipeline-dbt/venv-dbt/lib/python3.9/site-packages/elementary/monitor/dbt_project
2024-04-29 16:51:43 — DEBUG — Result bytes size for command '['dbt', '--log-format', 'json', 'run-operation', 'elementary.log_macro_results', '--args', '{"macro_name": "elementary_cli.get_adapter_type_and_unique_id", "macro_args": {}}', '--project-dir', '/Users/edoardosezzi/Desktop/habacus/dwh-pipeline-dbt/venv-dbt/lib/python3.9/site-packages/elementary/monitor/dbt_project']' is 1899
2024-04-29 16:51:43 — INFO — edr (0.14.1) and Elementary's dbt package (0.14.1) are compatible.
2024-04-29 16:51:43 — DEBUG — Running dbt --log-format json run-operation elementary.log_macro_results --args {"macro_name": "elementary_cli.get_elementary_database_and_schema", "macro_args": {}} --project-dir /Users/edoardosezzi/Desktop/habacus/dwh-pipeline-dbt/venv-dbt/lib/python3.9/site-packages/elementary/monitor/dbt_project
2024-04-29 16:51:45 — DEBUG — Result bytes size for command '['dbt', '--log-format', 'json', 'run-operation', 'elementary.log_macro_results', '--args', '{"macro_name": "elementary_cli.get_elementary_database_and_schema", "macro_args": {}}', '--project-dir', '/Users/edoardosezzi/Desktop/habacus/dwh-pipeline-dbt/venv-dbt/lib/python3.9/site-packages/elementary/monitor/dbt_project']' is 1899
2024-04-29 16:51:45 — INFO — Elementary's database and schema: '"habacus-dwh-prod-eu-001.habacus_curated"'
2024-04-29 16:51:45 — INFO — Running dbt --log-format json run-operation elementary.log_macro_results --args {"macro_name": "elementary_cli.get_test_results", "macro_args": {"days_back": 7, "invocations_per_test": 720, "disable_passed_test_metrics": false}} --project-dir /Users/edoardosezzi/Desktop/habacus/dwh-pipeline-dbt/venv-dbt/lib/python3.9/site-packages/elementary/monitor/dbt_project
2024-04-29 16:51:50 — DEBUG — Result bytes size for command '['dbt', '--log-format', 'json', 'run-operation', 'elementary.log_macro_results', '--args', '{"macro_name": "elementary_cli.get_test_results", "macro_args": {"days_back": 7, "invocations_per_test": 720, "disable_passed_test_metrics": false}}', '--project-dir', '/Users/edoardosezzi/Desktop/habacus/dwh-pipeline-dbt/venv-dbt/lib/python3.9/site-packages/elementary/monitor/dbt_project']' is 193675
2024-04-29 16:51:50 — INFO — Running dbt --log-format json run-operation elementary.log_macro_results --args {"macro_name": "elementary_cli.get_source_freshness_results", "macro_args": {"days_back": 7, "invocations_per_test": 720}} --project-dir /Users/edoardosezzi/Desktop/habacus/dwh-pipeline-dbt/venv-dbt/lib/python3.9/site-packages/elementary/monitor/dbt_project
2024-04-29 16:51:54 — DEBUG — Result bytes size for command '['dbt', '--log-format', 'json', 'run-operation', 'elementary.log_macro_results', '--args', '{"macro_name": "elementary_cli.get_source_freshness_results", "macro_args": {"days_back": 7, "invocations_per_test": 720}}', '--project-dir', '/Users/edoardosezzi/Desktop/habacus/dwh-pipeline-dbt/venv-dbt/lib/python3.9/site-packages/elementary/monitor/dbt_project']' is 1817
2024-04-29 16:51:54 — INFO — Running dbt --log-format json run-operation elementary.log_macro_results --args {"macro_name": "elementary_cli.get_models", "macro_args": {"exclude_elementary": true}} --project-dir /Users/edoardosezzi/Desktop/habacus/dwh-pipeline-dbt/venv-dbt/lib/python3.9/site-packages/elementary/monitor/dbt_project
2024-04-29 16:51:58 — DEBUG — Result bytes size for command '['dbt', '--log-format', 'json', 'run-operation', 'elementary.log_macro_results', '--args', '{"macro_name": "elementary_cli.get_models", "macro_args": {"exclude_elementary": true}}', '--project-dir', '/Users/edoardosezzi/Desktop/habacus/dwh-pipeline-dbt/venv-dbt/lib/python3.9/site-packages/elementary/monitor/dbt_project']' is 4549
2024-04-29 16:51:58 — INFO — Running dbt --log-format json run-operation elementary.log_macro_results --args {"macro_name": "elementary_cli.get_sources", "macro_args": {}} --project-dir /Users/edoardosezzi/Desktop/habacus/dwh-pipeline-dbt/venv-dbt/lib/python3.9/site-packages/elementary/monitor/dbt_project
2024-04-29 16:52:01 — DEBUG — Result bytes size for command '['dbt', '--log-format', 'json', 'run-operation', 'elementary.log_macro_results', '--args', '{"macro_name": "elementary_cli.get_sources", "macro_args": {}}', '--project-dir', '/Users/edoardosezzi/Desktop/habacus/dwh-pipeline-dbt/venv-dbt/lib/python3.9/site-packages/elementary/monitor/dbt_project']' is 5755
2024-04-29 16:52:01 — INFO — Running dbt --log-format json run-operation elementary.log_macro_results --args {"macro_name": "elementary_cli.get_exposures", "macro_args": {}} --project-dir /Users/edoardosezzi/Desktop/habacus/dwh-pipeline-dbt/venv-dbt/lib/python3.9/site-packages/elementary/monitor/dbt_project
2024-04-29 16:52:05 — DEBUG — Result bytes size for command '['dbt', '--log-format', 'json', 'run-operation', 'elementary.log_macro_results', '--args', '{"macro_name": "elementary_cli.get_exposures", "macro_args": {}}', '--project-dir', '/Users/edoardosezzi/Desktop/habacus/dwh-pipeline-dbt/venv-dbt/lib/python3.9/site-packages/elementary/monitor/dbt_project']' is 1817
2024-04-29 16:52:05 — INFO — Running dbt --log-format json run-operation elementary.log_macro_results --args {"macro_name": "elementary_cli.get_models_runs", "macro_args": {"days_back": 7, "exclude_elementary": true}} --project-dir /Users/edoardosezzi/Desktop/habacus/dwh-pipeline-dbt/venv-dbt/lib/python3.9/site-packages/elementary/monitor/dbt_project
2024-04-29 16:52:10 — DEBUG — Result bytes size for command '['dbt', '--log-format', 'json', 'run-operation', 'elementary.log_macro_results', '--args', '{"macro_name": "elementary_cli.get_models_runs", "macro_args": {"days_back": 7, "exclude_elementary": true}}', '--project-dir', '/Users/edoardosezzi/Desktop/habacus/dwh-pipeline-dbt/venv-dbt/lib/python3.9/site-packages/elementary/monitor/dbt_project']' is 77133
2024-04-29 16:52:10 — INFO — Running dbt --log-format json run-operation elementary.log_macro_results --args {"macro_name": "elementary_cli.get_dbt_models_test_coverage", "macro_args": {}} --project-dir /Users/edoardosezzi/Desktop/habacus/dwh-pipeline-dbt/venv-dbt/lib/python3.9/site-packages/elementary/monitor/dbt_project
2024-04-29 16:52:14 — DEBUG — Result bytes size for command '['dbt', '--log-format', 'json', 'run-operation', 'elementary.log_macro_results', '--args', '{"macro_name": "elementary_cli.get_dbt_models_test_coverage", "macro_args": {}}', '--project-dir', '/Users/edoardosezzi/Desktop/habacus/dwh-pipeline-dbt/venv-dbt/lib/python3.9/site-packages/elementary/monitor/dbt_project']' is 3141
2024-04-29 16:52:14 — INFO — Running dbt --log-format json run-operation elementary.log_macro_results --args {"macro_name": "elementary_cli.get_nodes_depends_on_nodes", "macro_args": {"exclude_elementary": true}} --project-dir /Users/edoardosezzi/Desktop/habacus/dwh-pipeline-dbt/venv-dbt/lib/python3.9/site-packages/elementary/monitor/dbt_project
2024-04-29 16:52:18 — DEBUG — Result bytes size for command '['dbt', '--log-format', 'json', 'run-operation', 'elementary.log_macro_results', '--args', '{"macro_name": "elementary_cli.get_nodes_depends_on_nodes", "macro_args": {"exclude_elementary": true}}', '--project-dir', '/Users/edoardosezzi/Desktop/habacus/dwh-pipeline-dbt/venv-dbt/lib/python3.9/site-packages/elementary/monitor/dbt_project']' is 4395
2024-04-29 16:52:18 — INFO — Running dbt --log-format json run-operation elementary.log_macro_results --args {"macro_name": "elementary_cli.get_models_latest_invocation", "macro_args": {}} --project-dir /Users/edoardosezzi/Desktop/habacus/dwh-pipeline-dbt/venv-dbt/lib/python3.9/site-packages/elementary/monitor/dbt_project
2024-04-29 16:52:22 — DEBUG — Result bytes size for command '['dbt', '--log-format', 'json', 'run-operation', 'elementary.log_macro_results', '--args', '{"macro_name": "elementary_cli.get_models_latest_invocation", "macro_args": {}}', '--project-dir', '/Users/edoardosezzi/Desktop/habacus/dwh-pipeline-dbt/venv-dbt/lib/python3.9/site-packages/elementary/monitor/dbt_project']' is 9637
2024-04-29 16:52:22 — INFO — Running dbt --log-format json run-operation elementary.log_macro_results --args {"macro_name": "elementary_cli.get_models_latest_invocations_data", "macro_args": {}} --project-dir /Users/edoardosezzi/Desktop/habacus/dwh-pipeline-dbt/venv-dbt/lib/python3.9/site-packages/elementary/monitor/dbt_project
2024-04-29 16:52:26 — DEBUG — Result bytes size for command '['dbt', '--log-format', 'json', 'run-operation', 'elementary.log_macro_results', '--args', '{"macro_name": "elementary_cli.get_models_latest_invocations_data", "macro_args": {}}', '--project-dir', '/Users/edoardosezzi/Desktop/habacus/dwh-pipeline-dbt/venv-dbt/lib/python3.9/site-packages/elementary/monitor/dbt_project']' is 2239
2024-05-16 11:50:53 — INFO — Running with edr=0.14.1
2024-05-16 11:50:53 — DEBUG — Running dbt --log-format json run-operation elementary.log_macro_results --args {"macro_name": "elementary_cli.get_latest_invocation", "macro_args": {}} --project-dir /Users/edoardosezzi/Desktop/habacus/dwh-pipeline-dbt/venv-dbt/lib/python3.9/site-packages/elementary/monitor/dbt_project
2024-05-16 11:51:00 — DEBUG — Result bytes size for command '['dbt', '--log-format', 'json', 'run-operation', 'elementary.log_macro_results', '--args', '{"macro_name": "elementary_cli.get_latest_invocation", "macro_args": {}}', '--project-dir', '/Users/edoardosezzi/Desktop/habacus/dwh-pipeline-dbt/venv-dbt/lib/python3.9/site-packages/elementary/monitor/dbt_project']' is 4218
2024-05-16 11:51:00 — DEBUG — Running dbt --log-format json run-operation elementary.log_macro_results --args {"macro_name": "elementary_cli.get_adapter_type_and_unique_id", "macro_args": {}} --project-dir /Users/edoardosezzi/Desktop/habacus/dwh-pipeline-dbt/venv-dbt/lib/python3.9/site-packages/elementary/monitor/dbt_project
2024-05-16 11:51:02 — DEBUG — Result bytes size for command '['dbt', '--log-format', 'json', 'run-operation', 'elementary.log_macro_results', '--args', '{"macro_name": "elementary_cli.get_adapter_type_and_unique_id", "macro_args": {}}', '--project-dir', '/Users/edoardosezzi/Desktop/habacus/dwh-pipeline-dbt/venv-dbt/lib/python3.9/site-packages/elementary/monitor/dbt_project']' is 1899
2024-05-16 11:51:02 — INFO — edr (0.14.1) and Elementary's dbt package (0.14.1) are compatible.
2024-05-16 11:51:02 — DEBUG — Running dbt --log-format json run-operation elementary.log_macro_results --args {"macro_name": "elementary_cli.get_elementary_database_and_schema", "macro_args": {}} --project-dir /Users/edoardosezzi/Desktop/habacus/dwh-pipeline-dbt/venv-dbt/lib/python3.9/site-packages/elementary/monitor/dbt_project
2024-05-16 11:51:05 — DEBUG — Result bytes size for command '['dbt', '--log-format', 'json', 'run-operation', 'elementary.log_macro_results', '--args', '{"macro_name": "elementary_cli.get_elementary_database_and_schema", "macro_args": {}}', '--project-dir', '/Users/edoardosezzi/Desktop/habacus/dwh-pipeline-dbt/venv-dbt/lib/python3.9/site-packages/elementary/monitor/dbt_project']' is 1899
2024-05-16 11:51:05 — INFO — Elementary's database and schema: '"habacus-dwh-prod-eu-001.habacus_curated"'
2024-05-16 11:51:05 — INFO — Running dbt --log-format json run-operation elementary.log_macro_results --args {"macro_name": "elementary_cli.get_test_results", "macro_args": {"days_back": 7, "invocations_per_test": 720, "disable_passed_test_metrics": false}} --project-dir /Users/edoardosezzi/Desktop/habacus/dwh-pipeline-dbt/venv-dbt/lib/python3.9/site-packages/elementary/monitor/dbt_project
2024-05-16 11:51:10 — DEBUG — Result bytes size for command '['dbt', '--log-format', 'json', 'run-operation', 'elementary.log_macro_results', '--args', '{"macro_name": "elementary_cli.get_test_results", "macro_args": {"days_back": 7, "invocations_per_test": 720, "disable_passed_test_metrics": false}}', '--project-dir', '/Users/edoardosezzi/Desktop/habacus/dwh-pipeline-dbt/venv-dbt/lib/python3.9/site-packages/elementary/monitor/dbt_project']' is 1817
2024-05-16 11:51:10 — INFO — Running dbt --log-format json run-operation elementary.log_macro_results --args {"macro_name": "elementary_cli.get_source_freshness_results", "macro_args": {"days_back": 7, "invocations_per_test": 720}} --project-dir /Users/edoardosezzi/Desktop/habacus/dwh-pipeline-dbt/venv-dbt/lib/python3.9/site-packages/elementary/monitor/dbt_project
2024-05-16 11:51:15 — DEBUG — Result bytes size for command '['dbt', '--log-format', 'json', 'run-operation', 'elementary.log_macro_results', '--args', '{"macro_name": "elementary_cli.get_source_freshness_results", "macro_args": {"days_back": 7, "invocations_per_test": 720}}', '--project-dir', '/Users/edoardosezzi/Desktop/habacus/dwh-pipeline-dbt/venv-dbt/lib/python3.9/site-packages/elementary/monitor/dbt_project']' is 1817
2024-05-16 11:51:15 — INFO — Running dbt --log-format json run-operation elementary.log_macro_results --args {"macro_name": "elementary_cli.get_models", "macro_args": {"exclude_elementary": true}} --project-dir /Users/edoardosezzi/Desktop/habacus/dwh-pipeline-dbt/venv-dbt/lib/python3.9/site-packages/elementary/monitor/dbt_project
2024-05-16 11:51:19 — DEBUG — Result bytes size for command '['dbt', '--log-format', 'json', 'run-operation', 'elementary.log_macro_results', '--args', '{"macro_name": "elementary_cli.get_models", "macro_args": {"exclude_elementary": true}}', '--project-dir', '/Users/edoardosezzi/Desktop/habacus/dwh-pipeline-dbt/venv-dbt/lib/python3.9/site-packages/elementary/monitor/dbt_project']' is 4549
2024-05-16 11:51:19 — INFO — Running dbt --log-format json run-operation elementary.log_macro_results --args {"macro_name": "elementary_cli.get_sources", "macro_args": {}} --project-dir /Users/edoardosezzi/Desktop/habacus/dwh-pipeline-dbt/venv-dbt/lib/python3.9/site-packages/elementary/monitor/dbt_project
2024-05-16 11:51:23 — DEBUG — Result bytes size for command '['dbt', '--log-format', 'json', 'run-operation', 'elementary.log_macro_results', '--args', '{"macro_name": "elementary_cli.get_sources", "macro_args": {}}', '--project-dir', '/Users/edoardosezzi/Desktop/habacus/dwh-pipeline-dbt/venv-dbt/lib/python3.9/site-packages/elementary/monitor/dbt_project']' is 5755
2024-05-16 11:51:23 — INFO — Running dbt --log-format json run-operation elementary.log_macro_results --args {"macro_name": "elementary_cli.get_exposures", "macro_args": {}} --project-dir /Users/edoardosezzi/Desktop/habacus/dwh-pipeline-dbt/venv-dbt/lib/python3.9/site-packages/elementary/monitor/dbt_project
2024-05-16 11:51:28 — DEBUG — Result bytes size for command '['dbt', '--log-format', 'json', 'run-operation', 'elementary.log_macro_results', '--args', '{"macro_name": "elementary_cli.get_exposures", "macro_args": {}}', '--project-dir', '/Users/edoardosezzi/Desktop/habacus/dwh-pipeline-dbt/venv-dbt/lib/python3.9/site-packages/elementary/monitor/dbt_project']' is 1817
2024-05-16 11:51:28 — INFO — Running dbt --log-format json run-operation elementary.log_macro_results --args {"macro_name": "elementary_cli.get_models_runs", "macro_args": {"days_back": 7, "exclude_elementary": true}} --project-dir /Users/edoardosezzi/Desktop/habacus/dwh-pipeline-dbt/venv-dbt/lib/python3.9/site-packages/elementary/monitor/dbt_project
2024-05-16 11:51:31 — DEBUG — Result bytes size for command '['dbt', '--log-format', 'json', 'run-operation', 'elementary.log_macro_results', '--args', '{"macro_name": "elementary_cli.get_models_runs", "macro_args": {"days_back": 7, "exclude_elementary": true}}', '--project-dir', '/Users/edoardosezzi/Desktop/habacus/dwh-pipeline-dbt/venv-dbt/lib/python3.9/site-packages/elementary/monitor/dbt_project']' is 7525
2024-05-16 11:51:31 — INFO — Running dbt --log-format json run-operation elementary.log_macro_results --args {"macro_name": "elementary_cli.get_dbt_models_test_coverage", "macro_args": {}} --project-dir /Users/edoardosezzi/Desktop/habacus/dwh-pipeline-dbt/venv-dbt/lib/python3.9/site-packages/elementary/monitor/dbt_project
2024-05-16 11:51:35 — DEBUG — Result bytes size for command '['dbt', '--log-format', 'json', 'run-operation', 'elementary.log_macro_results', '--args', '{"macro_name": "elementary_cli.get_dbt_models_test_coverage", "macro_args": {}}', '--project-dir', '/Users/edoardosezzi/Desktop/habacus/dwh-pipeline-dbt/venv-dbt/lib/python3.9/site-packages/elementary/monitor/dbt_project']' is 3141
2024-05-16 11:51:35 — INFO — Running dbt --log-format json run-operation elementary.log_macro_results --args {"macro_name": "elementary_cli.get_nodes_depends_on_nodes", "macro_args": {"exclude_elementary": true}} --project-dir /Users/edoardosezzi/Desktop/habacus/dwh-pipeline-dbt/venv-dbt/lib/python3.9/site-packages/elementary/monitor/dbt_project
2024-05-16 11:51:39 — DEBUG — Result bytes size for command '['dbt', '--log-format', 'json', 'run-operation', 'elementary.log_macro_results', '--args', '{"macro_name": "elementary_cli.get_nodes_depends_on_nodes", "macro_args": {"exclude_elementary": true}}', '--project-dir', '/Users/edoardosezzi/Desktop/habacus/dwh-pipeline-dbt/venv-dbt/lib/python3.9/site-packages/elementary/monitor/dbt_project']' is 4395
2024-05-16 11:51:39 — INFO — Running dbt --log-format json run-operation elementary.log_macro_results --args {"macro_name": "elementary_cli.get_models_latest_invocation", "macro_args": {}} --project-dir /Users/edoardosezzi/Desktop/habacus/dwh-pipeline-dbt/venv-dbt/lib/python3.9/site-packages/elementary/monitor/dbt_project
2024-05-16 11:51:43 — DEBUG — Result bytes size for command '['dbt', '--log-format', 'json', 'run-operation', 'elementary.log_macro_results', '--args', '{"macro_name": "elementary_cli.get_models_latest_invocation", "macro_args": {}}', '--project-dir', '/Users/edoardosezzi/Desktop/habacus/dwh-pipeline-dbt/venv-dbt/lib/python3.9/site-packages/elementary/monitor/dbt_project']' is 9637
2024-05-16 11:51:43 — INFO — Running dbt --log-format json run-operation elementary.log_macro_results --args {"macro_name": "elementary_cli.get_models_latest_invocations_data", "macro_args": {}} --project-dir /Users/edoardosezzi/Desktop/habacus/dwh-pipeline-dbt/venv-dbt/lib/python3.9/site-packages/elementary/monitor/dbt_project
2024-05-16 11:51:47 — DEBUG — Result bytes size for command '['dbt', '--log-format', 'json', 'run-operation', 'elementary.log_macro_results', '--args', '{"macro_name": "elementary_cli.get_models_latest_invocations_data", "macro_args": {}}', '--project-dir', '/Users/edoardosezzi/Desktop/habacus/dwh-pipeline-dbt/venv-dbt/lib/python3.9/site-packages/elementary/monitor/dbt_project']' is 2665
2024-05-16 13:39:52 — INFO — Running with edr=0.14.1
2024-05-16 13:39:52 — DEBUG — Running dbt --log-format json run-operation elementary.log_macro_results --args {"macro_name": "elementary_cli.get_latest_invocation", "macro_args": {}} --project-dir /Users/edoardosezzi/Desktop/habacus/dwh-pipeline-dbt/venv-dbt/lib/python3.9/site-packages/elementary/monitor/dbt_project
2024-05-16 13:39:57 — DEBUG — Result bytes size for command '['dbt', '--log-format', 'json', 'run-operation', 'elementary.log_macro_results', '--args', '{"macro_name": "elementary_cli.get_latest_invocation", "macro_args": {}}', '--project-dir', '/Users/edoardosezzi/Desktop/habacus/dwh-pipeline-dbt/venv-dbt/lib/python3.9/site-packages/elementary/monitor/dbt_project']' is 3873
2024-05-16 13:39:57 — DEBUG — Running dbt --log-format json run-operation elementary.log_macro_results --args {"macro_name": "elementary_cli.get_adapter_type_and_unique_id", "macro_args": {}} --project-dir /Users/edoardosezzi/Desktop/habacus/dwh-pipeline-dbt/venv-dbt/lib/python3.9/site-packages/elementary/monitor/dbt_project
2024-05-16 13:39:59 — DEBUG — Result bytes size for command '['dbt', '--log-format', 'json', 'run-operation', 'elementary.log_macro_results', '--args', '{"macro_name": "elementary_cli.get_adapter_type_and_unique_id", "macro_args": {}}', '--project-dir', '/Users/edoardosezzi/Desktop/habacus/dwh-pipeline-dbt/venv-dbt/lib/python3.9/site-packages/elementary/monitor/dbt_project']' is 1899
2024-05-16 13:39:59 — INFO — edr (0.14.1) and Elementary's dbt package (0.14.1) are compatible.
2024-05-16 13:39:59 — DEBUG — Running dbt --log-format json run-operation elementary.log_macro_results --args {"macro_name": "elementary_cli.get_elementary_database_and_schema", "macro_args": {}} --project-dir /Users/edoardosezzi/Desktop/habacus/dwh-pipeline-dbt/venv-dbt/lib/python3.9/site-packages/elementary/monitor/dbt_project
2024-05-16 13:40:01 — DEBUG — Result bytes size for command '['dbt', '--log-format', 'json', 'run-operation', 'elementary.log_macro_results', '--args', '{"macro_name": "elementary_cli.get_elementary_database_and_schema", "macro_args": {}}', '--project-dir', '/Users/edoardosezzi/Desktop/habacus/dwh-pipeline-dbt/venv-dbt/lib/python3.9/site-packages/elementary/monitor/dbt_project']' is 1899
2024-05-16 13:40:01 — INFO — Elementary's database and schema: '"habacus-dwh-prod-eu-001.habacus_curated"'
2024-05-16 13:40:01 — INFO — Running dbt --log-format json run-operation elementary.log_macro_results --args {"macro_name": "elementary_cli.get_test_results", "macro_args": {"days_back": 7, "invocations_per_test": 720, "disable_passed_test_metrics": false}} --project-dir /Users/edoardosezzi/Desktop/habacus/dwh-pipeline-dbt/venv-dbt/lib/python3.9/site-packages/elementary/monitor/dbt_project
2024-05-16 13:40:06 — DEBUG — Result bytes size for command '['dbt', '--log-format', 'json', 'run-operation', 'elementary.log_macro_results', '--args', '{"macro_name": "elementary_cli.get_test_results", "macro_args": {"days_back": 7, "invocations_per_test": 720, "disable_passed_test_metrics": false}}', '--project-dir', '/Users/edoardosezzi/Desktop/habacus/dwh-pipeline-dbt/venv-dbt/lib/python3.9/site-packages/elementary/monitor/dbt_project']' is 40823
2024-05-16 13:40:06 — INFO — Running dbt --log-format json run-operation elementary.log_macro_results --args {"macro_name": "elementary_cli.get_source_freshness_results", "macro_args": {"days_back": 7, "invocations_per_test": 720}} --project-dir /Users/edoardosezzi/Desktop/habacus/dwh-pipeline-dbt/venv-dbt/lib/python3.9/site-packages/elementary/monitor/dbt_project
2024-05-16 13:40:11 — DEBUG — Result bytes size for command '['dbt', '--log-format', 'json', 'run-operation', 'elementary.log_macro_results', '--args', '{"macro_name": "elementary_cli.get_source_freshness_results", "macro_args": {"days_back": 7, "invocations_per_test": 720}}', '--project-dir', '/Users/edoardosezzi/Desktop/habacus/dwh-pipeline-dbt/venv-dbt/lib/python3.9/site-packages/elementary/monitor/dbt_project']' is 1817
2024-05-16 13:40:11 — INFO — Running dbt --log-format json run-operation elementary.log_macro_results --args {"macro_name": "elementary_cli.get_models", "macro_args": {"exclude_elementary": true}} --project-dir /Users/edoardosezzi/Desktop/habacus/dwh-pipeline-dbt/venv-dbt/lib/python3.9/site-packages/elementary/monitor/dbt_project
2024-05-16 13:40:15 — DEBUG — Result bytes size for command '['dbt', '--log-format', 'json', 'run-operation', 'elementary.log_macro_results', '--args', '{"macro_name": "elementary_cli.get_models", "macro_args": {"exclude_elementary": true}}', '--project-dir', '/Users/edoardosezzi/Desktop/habacus/dwh-pipeline-dbt/venv-dbt/lib/python3.9/site-packages/elementary/monitor/dbt_project']' is 4549
2024-05-16 13:40:15 — INFO — Running dbt --log-format json run-operation elementary.log_macro_results --args {"macro_name": "elementary_cli.get_sources", "macro_args": {}} --project-dir /Users/edoardosezzi/Desktop/habacus/dwh-pipeline-dbt/venv-dbt/lib/python3.9/site-packages/elementary/monitor/dbt_project
2024-05-16 13:40:18 — DEBUG — Result bytes size for command '['dbt', '--log-format', 'json', 'run-operation', 'elementary.log_macro_results', '--args', '{"macro_name": "elementary_cli.get_sources", "macro_args": {}}', '--project-dir', '/Users/edoardosezzi/Desktop/habacus/dwh-pipeline-dbt/venv-dbt/lib/python3.9/site-packages/elementary/monitor/dbt_project']' is 5755
2024-05-16 13:40:18 — INFO — Running dbt --log-format json run-operation elementary.log_macro_results --args {"macro_name": "elementary_cli.get_exposures", "macro_args": {}} --project-dir /Users/edoardosezzi/Desktop/habacus/dwh-pipeline-dbt/venv-dbt/lib/python3.9/site-packages/elementary/monitor/dbt_project
2024-05-16 13:40:22 — DEBUG — Result bytes size for command '['dbt', '--log-format', 'json', 'run-operation', 'elementary.log_macro_results', '--args', '{"macro_name": "elementary_cli.get_exposures", "macro_args": {}}', '--project-dir', '/Users/edoardosezzi/Desktop/habacus/dwh-pipeline-dbt/venv-dbt/lib/python3.9/site-packages/elementary/monitor/dbt_project']' is 1817
2024-05-16 13:40:22 — INFO — Running dbt --log-format json run-operation elementary.log_macro_results --args {"macro_name": "elementary_cli.get_models_runs", "macro_args": {"days_back": 7, "exclude_elementary": true}} --project-dir /Users/edoardosezzi/Desktop/habacus/dwh-pipeline-dbt/venv-dbt/lib/python3.9/site-packages/elementary/monitor/dbt_project
2024-05-16 13:40:26 — DEBUG — Result bytes size for command '['dbt', '--log-format', 'json', 'run-operation', 'elementary.log_macro_results', '--args', '{"macro_name": "elementary_cli.get_models_runs", "macro_args": {"days_back": 7, "exclude_elementary": true}}', '--project-dir', '/Users/edoardosezzi/Desktop/habacus/dwh-pipeline-dbt/venv-dbt/lib/python3.9/site-packages/elementary/monitor/dbt_project']' is 7525
2024-05-16 13:40:26 — INFO — Running dbt --log-format json run-operation elementary.log_macro_results --args {"macro_name": "elementary_cli.get_dbt_models_test_coverage", "macro_args": {}} --project-dir /Users/edoardosezzi/Desktop/habacus/dwh-pipeline-dbt/venv-dbt/lib/python3.9/site-packages/elementary/monitor/dbt_project
2024-05-16 13:40:30 — DEBUG — Result bytes size for command '['dbt', '--log-format', 'json', 'run-operation', 'elementary.log_macro_results', '--args', '{"macro_name": "elementary_cli.get_dbt_models_test_coverage", "macro_args": {}}', '--project-dir', '/Users/edoardosezzi/Desktop/habacus/dwh-pipeline-dbt/venv-dbt/lib/python3.9/site-packages/elementary/monitor/dbt_project']' is 3141
2024-05-16 13:40:30 — INFO — Running dbt --log-format json run-operation elementary.log_macro_results --args {"macro_name": "elementary_cli.get_nodes_depends_on_nodes", "macro_args": {"exclude_elementary": true}} --project-dir /Users/edoardosezzi/Desktop/habacus/dwh-pipeline-dbt/venv-dbt/lib/python3.9/site-packages/elementary/monitor/dbt_project
2024-05-16 13:40:34 — DEBUG — Result bytes size for command '['dbt', '--log-format', 'json', 'run-operation', 'elementary.log_macro_results', '--args', '{"macro_name": "elementary_cli.get_nodes_depends_on_nodes", "macro_args": {"exclude_elementary": true}}', '--project-dir', '/Users/edoardosezzi/Desktop/habacus/dwh-pipeline-dbt/venv-dbt/lib/python3.9/site-packages/elementary/monitor/dbt_project']' is 4395
2024-05-16 13:40:34 — INFO — Running dbt --log-format json run-operation elementary.log_macro_results --args {"macro_name": "elementary_cli.get_models_latest_invocation", "macro_args": {}} --project-dir /Users/edoardosezzi/Desktop/habacus/dwh-pipeline-dbt/venv-dbt/lib/python3.9/site-packages/elementary/monitor/dbt_project
2024-05-16 13:40:37 — DEBUG — Result bytes size for command '['dbt', '--log-format', 'json', 'run-operation', 'elementary.log_macro_results', '--args', '{"macro_name": "elementary_cli.get_models_latest_invocation", "macro_args": {}}', '--project-dir', '/Users/edoardosezzi/Desktop/habacus/dwh-pipeline-dbt/venv-dbt/lib/python3.9/site-packages/elementary/monitor/dbt_project']' is 9637
2024-05-16 13:40:37 — INFO — Running dbt --log-format json run-operation elementary.log_macro_results --args {"macro_name": "elementary_cli.get_models_latest_invocations_data", "macro_args": {}} --project-dir /Users/edoardosezzi/Desktop/habacus/dwh-pipeline-dbt/venv-dbt/lib/python3.9/site-packages/elementary/monitor/dbt_project
2024-05-16 13:40:41 — DEBUG — Result bytes size for command '['dbt', '--log-format', 'json', 'run-operation', 'elementary.log_macro_results', '--args', '{"macro_name": "elementary_cli.get_models_latest_invocations_data", "macro_args": {}}', '--project-dir', '/Users/edoardosezzi/Desktop/habacus/dwh-pipeline-dbt/venv-dbt/lib/python3.9/site-packages/elementary/monitor/dbt_project']' is 2665
