[0m16:31:37.330957 [debug] [MainThread]: Sending event: {'category': 'dbt', 'action': 'invocation', 'label': 'start', 'context': [<snowplow_tracker.self_describing_json.SelfDescribingJson object at 0x102d5d5e0>, <snowplow_tracker.self_describing_json.SelfDescribingJson object at 0x104d536d0>, <snowplow_tracker.self_describing_json.SelfDescribingJson object at 0x104da5850>]}


============================== 16:31:37.334145 | c71cf26d-c727-4da7-9fcd-1f2061c82e85 ==============================
[0m16:31:37.334145 [info ] [MainThread]: Running with dbt=1.7.11
[0m16:31:37.334457 [debug] [MainThread]: running dbt with arguments {'printer_width': '80', 'indirect_selection': 'eager', 'log_cache_events': 'False', 'write_json': 'True', 'partial_parse': 'True', 'cache_selected_only': 'False', 'profiles_dir': '/Users/edoardosezzi/.dbt', 'version_check': 'True', 'debug': 'False', 'log_path': 'logs', 'fail_fast': 'False', 'warn_error': 'None', 'use_colors': 'True', 'use_experimental_parser': 'False', 'no_print': 'None', 'quiet': 'False', 'log_format': 'default', 'static_parser': 'True', 'invocation_command': 'dbt init', 'warn_error_options': 'WarnErrorOptions(include=[], exclude=[])', 'target_path': 'None', 'introspect': 'True', 'send_anonymous_usage_stats': 'True'}
[0m16:31:44.798048 [debug] [MainThread]: Starter project path: /Users/edoardosezzi/Desktop/habacus/dwh-pipeline-dbt/venv-dbt/lib/python3.9/site-packages/dbt/include/starter_project
[0m16:31:44.808111 [info ] [MainThread]: 
Your new dbt project "habacus_dwh_dbt" was created!

For more information on how to configure the profiles.yml file,
please consult the dbt documentation here:

  https://docs.getdbt.com/docs/configure-your-profile

One more thing:

Need help? Don't hesitate to reach out to us via GitHub issues or on Slack:

  https://community.getdbt.com/

Happy modeling!

[0m16:31:44.808745 [info ] [MainThread]: Setting up your profile.
[0m16:32:19.542512 [info ] [MainThread]: Profile habacus_dwh_dbt written to /Users/edoardosezzi/.dbt/profiles.yml using target's profile_template.yml and your supplied values. Run 'dbt debug' to validate the connection.
[0m16:32:19.546096 [debug] [MainThread]: Resource report: {"command_name": "init", "command_success": true, "command_wall_clock_time": 42.252365, "process_user_time": 3.045874, "process_kernel_time": 1.218358, "process_mem_max_rss": "176832512", "process_in_blocks": "0", "process_out_blocks": "0"}
[0m16:32:19.547019 [debug] [MainThread]: Command `dbt init` succeeded at 16:32:19.546828 after 42.25 seconds
[0m16:32:19.547464 [debug] [MainThread]: Sending event: {'category': 'dbt', 'action': 'invocation', 'label': 'end', 'context': [<snowplow_tracker.self_describing_json.SelfDescribingJson object at 0x102d5d5e0>, <snowplow_tracker.self_describing_json.SelfDescribingJson object at 0x104d536d0>, <snowplow_tracker.self_describing_json.SelfDescribingJson object at 0x104d90130>]}
[0m16:32:19.547755 [debug] [MainThread]: Flushing usage events
[0m16:33:06.781946 [debug] [MainThread]: Sending event: {'category': 'dbt', 'action': 'invocation', 'label': 'start', 'context': [<snowplow_tracker.self_describing_json.SelfDescribingJson object at 0x105cad8b0>, <snowplow_tracker.self_describing_json.SelfDescribingJson object at 0x107bd2490>, <snowplow_tracker.self_describing_json.SelfDescribingJson object at 0x107b93640>]}


============================== 16:33:06.784314 | d9662bb3-ae00-4bf0-b385-dbec4b3f9193 ==============================
[0m16:33:06.784314 [info ] [MainThread]: Running with dbt=1.7.11
[0m16:33:06.784594 [debug] [MainThread]: running dbt with arguments {'printer_width': '80', 'indirect_selection': 'eager', 'log_cache_events': 'False', 'write_json': 'True', 'partial_parse': 'True', 'cache_selected_only': 'False', 'profiles_dir': '/Users/edoardosezzi/.dbt', 'debug': 'False', 'fail_fast': 'False', 'log_path': 'logs', 'version_check': 'True', 'warn_error': 'None', 'use_colors': 'True', 'use_experimental_parser': 'False', 'no_print': 'None', 'quiet': 'False', 'warn_error_options': 'WarnErrorOptions(include=[], exclude=[])', 'invocation_command': 'dbt run', 'introspect': 'True', 'log_format': 'default', 'target_path': 'None', 'static_parser': 'True', 'send_anonymous_usage_stats': 'True'}
[0m16:33:06.784889 [error] [MainThread]: Encountered an error:
Runtime Error
  No dbt_project.yml found at expected path /Users/edoardosezzi/Desktop/habacus/dwh-pipeline-dbt/dbt_project.yml
  Verify that each entry within packages.yml (and their transitive dependencies) contains a file named dbt_project.yml
  
[0m16:33:06.785638 [debug] [MainThread]: Resource report: {"command_name": "run", "command_wall_clock_time": 0.034488, "process_user_time": 0.963602, "process_kernel_time": 0.09418, "process_mem_max_rss": "94437376", "command_success": false, "process_in_blocks": "0", "process_out_blocks": "0"}
[0m16:33:06.785911 [debug] [MainThread]: Command `dbt run` failed at 16:33:06.785848 after 0.03 seconds
[0m16:33:06.786080 [debug] [MainThread]: Sending event: {'category': 'dbt', 'action': 'invocation', 'label': 'end', 'context': [<snowplow_tracker.self_describing_json.SelfDescribingJson object at 0x105cad8b0>, <snowplow_tracker.self_describing_json.SelfDescribingJson object at 0x107bd2af0>, <snowplow_tracker.self_describing_json.SelfDescribingJson object at 0x107bdb100>]}
[0m16:33:06.786251 [debug] [MainThread]: Flushing usage events
[0m09:45:28.113575 [debug] [MainThread]: Sending event: {'category': 'dbt', 'action': 'invocation', 'label': 'start', 'context': [<snowplow_tracker.self_describing_json.SelfDescribingJson object at 0x1050f18b0>, <snowplow_tracker.self_describing_json.SelfDescribingJson object at 0x106bc7a00>, <snowplow_tracker.self_describing_json.SelfDescribingJson object at 0x106c19490>]}


============================== 09:45:28.116120 | 0aca5c4a-1eda-4a9d-b7d5-66769d1bae1f ==============================
[0m09:45:28.116120 [info ] [MainThread]: Running with dbt=1.7.11
[0m09:45:28.116402 [debug] [MainThread]: running dbt with arguments {'printer_width': '80', 'indirect_selection': 'eager', 'log_cache_events': 'False', 'write_json': 'True', 'partial_parse': 'True', 'cache_selected_only': 'False', 'warn_error': 'None', 'version_check': 'True', 'debug': 'False', 'log_path': 'logs', 'profiles_dir': '/Users/edoardosezzi/.dbt', 'fail_fast': 'False', 'use_colors': 'True', 'use_experimental_parser': 'False', 'no_print': 'None', 'quiet': 'False', 'warn_error_options': 'WarnErrorOptions(include=[], exclude=[])', 'introspect': 'True', 'invocation_command': 'dbt debug', 'static_parser': 'True', 'target_path': 'None', 'log_format': 'default', 'send_anonymous_usage_stats': 'True'}
[0m09:45:28.116724 [info ] [MainThread]: dbt version: 1.7.11
[0m09:45:28.116886 [info ] [MainThread]: python version: 3.9.6
[0m09:45:28.117042 [info ] [MainThread]: python path: /Users/edoardosezzi/Desktop/habacus/dwh-pipeline-dbt/venv-dbt/bin/python
[0m09:45:28.117197 [info ] [MainThread]: os info: macOS-14.4.1-arm64-arm-64bit
[0m09:45:30.729740 [info ] [MainThread]: Using profiles dir at /Users/edoardosezzi/.dbt
[0m09:45:30.730031 [info ] [MainThread]: Using profiles.yml file at /Users/edoardosezzi/.dbt/profiles.yml
[0m09:45:30.730220 [info ] [MainThread]: Using dbt_project.yml file at /Users/edoardosezzi/Desktop/habacus/dwh-pipeline-dbt/dbt_project.yml
[0m09:45:30.730390 [info ] [MainThread]: Configuration:
[0m09:45:30.730552 [info ] [MainThread]:   profiles.yml file [[31mERROR invalid[0m]
[0m09:45:30.730710 [info ] [MainThread]:   dbt_project.yml file [[31mERROR not found[0m]
[0m09:45:30.730879 [info ] [MainThread]: Required dependencies:
[0m09:45:30.731076 [debug] [MainThread]: Executing "git --help"
[0m09:45:30.742556 [debug] [MainThread]: STDOUT: "b"usage: git [-v | --version] [-h | --help] [-C <path>] [-c <name>=<value>]\n           [--exec-path[=<path>]] [--html-path] [--man-path] [--info-path]\n           [-p | --paginate | -P | --no-pager] [--no-replace-objects] [--bare]\n           [--git-dir=<path>] [--work-tree=<path>] [--namespace=<name>]\n           [--super-prefix=<path>] [--config-env=<name>=<envvar>]\n           <command> [<args>]\n\nThese are common Git commands used in various situations:\n\nstart a working area (see also: git help tutorial)\n   clone     Clone a repository into a new directory\n   init      Create an empty Git repository or reinitialize an existing one\n\nwork on the current change (see also: git help everyday)\n   add       Add file contents to the index\n   mv        Move or rename a file, a directory, or a symlink\n   restore   Restore working tree files\n   rm        Remove files from the working tree and from the index\n\nexamine the history and state (see also: git help revisions)\n   bisect    Use binary search to find the commit that introduced a bug\n   diff      Show changes between commits, commit and working tree, etc\n   grep      Print lines matching a pattern\n   log       Show commit logs\n   show      Show various types of objects\n   status    Show the working tree status\n\ngrow, mark and tweak your common history\n   branch    List, create, or delete branches\n   commit    Record changes to the repository\n   merge     Join two or more development histories together\n   rebase    Reapply commits on top of another base tip\n   reset     Reset current HEAD to the specified state\n   switch    Switch branches\n   tag       Create, list, delete or verify a tag object signed with GPG\n\ncollaborate (see also: git help workflows)\n   fetch     Download objects and refs from another repository\n   pull      Fetch from and integrate with another repository or a local branch\n   push      Update remote refs along with associated objects\n\n'git help -a' and 'git help -g' list available subcommands and some\nconcept guides. See 'git help <command>' or 'git help <concept>'\nto read about a specific subcommand or concept.\nSee 'git help git' for an overview of the system.\n""
[0m09:45:30.743022 [debug] [MainThread]: STDERR: "b''"
[0m09:45:30.743230 [info ] [MainThread]:  - git [[32mOK found[0m]

[0m09:45:30.743407 [info ] [MainThread]: Connection test skipped since no profile was found
[0m09:45:30.743593 [info ] [MainThread]: [31m2 checks failed:[0m
[0m09:45:30.743756 [info ] [MainThread]: Could not load dbt_project.yml
Profile loading failed for the following reason:
Runtime Error
  Credentials in profile "habacus_dwh_dbt", target "dev" invalid: Runtime Error
    Must specify schema


[0m09:45:30.743914 [info ] [MainThread]: Project loading failed for the following reason:
 project path </Users/edoardosezzi/Desktop/habacus/dwh-pipeline-dbt/dbt_project.yml> not found

[0m09:45:30.760282 [debug] [MainThread]: Resource report: {"command_name": "debug", "command_wall_clock_time": 2.6778915, "process_user_time": 2.258682, "process_kernel_time": 2.287098, "process_mem_max_rss": "176390144", "command_success": false, "process_in_blocks": "0", "process_out_blocks": "0"}
[0m09:45:30.760803 [debug] [MainThread]: Command `dbt debug` failed at 09:45:30.760711 after 2.68 seconds
[0m09:45:30.761175 [debug] [MainThread]: Sending event: {'category': 'dbt', 'action': 'invocation', 'label': 'end', 'context': [<snowplow_tracker.self_describing_json.SelfDescribingJson object at 0x1050f18b0>, <snowplow_tracker.self_describing_json.SelfDescribingJson object at 0x106bc7a00>, <snowplow_tracker.self_describing_json.SelfDescribingJson object at 0x1270f8880>]}
[0m09:45:30.761444 [debug] [MainThread]: Flushing usage events
[0m09:46:58.527619 [debug] [MainThread]: Sending event: {'category': 'dbt', 'action': 'invocation', 'label': 'start', 'context': [<snowplow_tracker.self_describing_json.SelfDescribingJson object at 0x1051fd520>, <snowplow_tracker.self_describing_json.SelfDescribingJson object at 0x106cd3d60>, <snowplow_tracker.self_describing_json.SelfDescribingJson object at 0x106d25be0>]}


============================== 09:46:58.529468 | 023ec962-d4f2-4ada-9093-d6a8e4db0f35 ==============================
[0m09:46:58.529468 [info ] [MainThread]: Running with dbt=1.7.11
[0m09:46:58.529749 [debug] [MainThread]: running dbt with arguments {'printer_width': '80', 'indirect_selection': 'eager', 'log_cache_events': 'False', 'write_json': 'True', 'partial_parse': 'True', 'cache_selected_only': 'False', 'profiles_dir': '/Users/edoardosezzi/.dbt', 'version_check': 'True', 'debug': 'False', 'log_path': 'logs', 'warn_error': 'None', 'fail_fast': 'False', 'use_colors': 'True', 'use_experimental_parser': 'False', 'no_print': 'None', 'quiet': 'False', 'log_format': 'default', 'introspect': 'True', 'warn_error_options': 'WarnErrorOptions(include=[], exclude=[])', 'invocation_command': 'dbt debug', 'target_path': 'None', 'static_parser': 'True', 'send_anonymous_usage_stats': 'True'}
[0m09:46:58.530081 [info ] [MainThread]: dbt version: 1.7.11
[0m09:46:58.530246 [info ] [MainThread]: python version: 3.9.6
[0m09:46:58.530410 [info ] [MainThread]: python path: /Users/edoardosezzi/Desktop/habacus/dwh-pipeline-dbt/venv-dbt/bin/python
[0m09:46:58.530564 [info ] [MainThread]: os info: macOS-14.4.1-arm64-arm-64bit
[0m09:46:58.952228 [info ] [MainThread]: Using profiles dir at /Users/edoardosezzi/.dbt
[0m09:46:58.952518 [info ] [MainThread]: Using profiles.yml file at /Users/edoardosezzi/.dbt/profiles.yml
[0m09:46:58.952705 [info ] [MainThread]: Using dbt_project.yml file at /Users/edoardosezzi/Desktop/habacus/dwh-pipeline-dbt/dbt_project.yml
[0m09:46:58.953833 [info ] [MainThread]: adapter type: bigquery
[0m09:46:58.954026 [info ] [MainThread]: adapter version: 1.7.7
[0m09:46:58.954209 [info ] [MainThread]: Configuration:
[0m09:46:58.954369 [info ] [MainThread]:   profiles.yml file [[32mOK found and valid[0m]
[0m09:46:58.954518 [info ] [MainThread]:   dbt_project.yml file [[31mERROR not found[0m]
[0m09:46:58.954673 [info ] [MainThread]: Required dependencies:
[0m09:46:58.954869 [debug] [MainThread]: Executing "git --help"
[0m09:46:58.965372 [debug] [MainThread]: STDOUT: "b"usage: git [-v | --version] [-h | --help] [-C <path>] [-c <name>=<value>]\n           [--exec-path[=<path>]] [--html-path] [--man-path] [--info-path]\n           [-p | --paginate | -P | --no-pager] [--no-replace-objects] [--bare]\n           [--git-dir=<path>] [--work-tree=<path>] [--namespace=<name>]\n           [--super-prefix=<path>] [--config-env=<name>=<envvar>]\n           <command> [<args>]\n\nThese are common Git commands used in various situations:\n\nstart a working area (see also: git help tutorial)\n   clone     Clone a repository into a new directory\n   init      Create an empty Git repository or reinitialize an existing one\n\nwork on the current change (see also: git help everyday)\n   add       Add file contents to the index\n   mv        Move or rename a file, a directory, or a symlink\n   restore   Restore working tree files\n   rm        Remove files from the working tree and from the index\n\nexamine the history and state (see also: git help revisions)\n   bisect    Use binary search to find the commit that introduced a bug\n   diff      Show changes between commits, commit and working tree, etc\n   grep      Print lines matching a pattern\n   log       Show commit logs\n   show      Show various types of objects\n   status    Show the working tree status\n\ngrow, mark and tweak your common history\n   branch    List, create, or delete branches\n   commit    Record changes to the repository\n   merge     Join two or more development histories together\n   rebase    Reapply commits on top of another base tip\n   reset     Reset current HEAD to the specified state\n   switch    Switch branches\n   tag       Create, list, delete or verify a tag object signed with GPG\n\ncollaborate (see also: git help workflows)\n   fetch     Download objects and refs from another repository\n   pull      Fetch from and integrate with another repository or a local branch\n   push      Update remote refs along with associated objects\n\n'git help -a' and 'git help -g' list available subcommands and some\nconcept guides. See 'git help <command>' or 'git help <concept>'\nto read about a specific subcommand or concept.\nSee 'git help git' for an overview of the system.\n""
[0m09:46:58.965908 [debug] [MainThread]: STDERR: "b''"
[0m09:46:58.966143 [info ] [MainThread]:  - git [[32mOK found[0m]

[0m09:46:58.966364 [info ] [MainThread]: Connection:
[0m09:46:58.966595 [info ] [MainThread]:   method: oauth
[0m09:46:58.966763 [info ] [MainThread]:   database: habacus-dwh-prod-eu-001
[0m09:46:58.966920 [info ] [MainThread]:   execution_project: habacus-dwh-prod-eu-001
[0m09:46:58.967079 [info ] [MainThread]:   schema: dbt_transformation
[0m09:46:58.967229 [info ] [MainThread]:   location: europe-west1
[0m09:46:58.967377 [info ] [MainThread]:   priority: interactive
[0m09:46:58.967525 [info ] [MainThread]:   maximum_bytes_billed: None
[0m09:46:58.967672 [info ] [MainThread]:   impersonate_service_account: None
[0m09:46:58.967819 [info ] [MainThread]:   job_retry_deadline_seconds: None
[0m09:46:58.967965 [info ] [MainThread]:   job_retries: 1
[0m09:46:58.968112 [info ] [MainThread]:   job_creation_timeout_seconds: None
[0m09:46:58.968261 [info ] [MainThread]:   job_execution_timeout_seconds: 300
[0m09:46:58.968406 [info ] [MainThread]:   timeout_seconds: 300
[0m09:46:58.968551 [info ] [MainThread]:   client_id: None
[0m09:46:58.968697 [info ] [MainThread]:   token_uri: None
[0m09:46:58.968841 [info ] [MainThread]:   dataproc_region: None
[0m09:46:58.968986 [info ] [MainThread]:   dataproc_cluster_name: None
[0m09:46:58.969131 [info ] [MainThread]:   gcs_bucket: None
[0m09:46:58.969275 [info ] [MainThread]:   dataproc_batch: None
[0m09:46:58.969526 [info ] [MainThread]: Registered adapter: bigquery=1.7.7
[0m09:46:58.993497 [debug] [MainThread]: Acquiring new bigquery connection 'debug'
[0m09:46:58.993919 [debug] [MainThread]: Opening a new connection, currently in state init
[0m09:46:59.379532 [debug] [MainThread]: On debug: select 1 as id
[0m09:47:00.283377 [debug] [MainThread]: BigQuery adapter: https://console.cloud.google.com/bigquery?project=habacus-dwh-prod-eu-001&j=bq:europe-west1:efacea9e-a94b-414a-94a4-735958358bd7&page=queryresults
[0m09:47:00.838512 [info ] [MainThread]:   Connection test: [[32mOK connection ok[0m]

[0m09:47:00.840255 [info ] [MainThread]: [31m1 check failed:[0m
[0m09:47:00.841199 [info ] [MainThread]: Project loading failed for the following reason:
 project path </Users/edoardosezzi/Desktop/habacus/dwh-pipeline-dbt/dbt_project.yml> not found

[0m09:47:00.845971 [debug] [MainThread]: Resource report: {"command_name": "debug", "command_wall_clock_time": 2.347612, "process_user_time": 1.576373, "process_kernel_time": 2.609938, "process_mem_max_rss": "181043200", "command_success": false, "process_in_blocks": "0", "process_out_blocks": "0"}
[0m09:47:00.847476 [debug] [MainThread]: Command `dbt debug` failed at 09:47:00.847087 after 2.35 seconds
[0m09:47:00.848383 [debug] [MainThread]: Connection 'debug' was properly closed.
[0m09:47:00.849016 [debug] [MainThread]: Sending event: {'category': 'dbt', 'action': 'invocation', 'label': 'end', 'context': [<snowplow_tracker.self_describing_json.SelfDescribingJson object at 0x1051fd520>, <snowplow_tracker.self_describing_json.SelfDescribingJson object at 0x1557cdbb0>, <snowplow_tracker.self_describing_json.SelfDescribingJson object at 0x1557ec2e0>]}
[0m09:47:00.849741 [debug] [MainThread]: Flushing usage events
[0m09:47:19.344974 [debug] [MainThread]: Sending event: {'category': 'dbt', 'action': 'invocation', 'label': 'start', 'context': [<snowplow_tracker.self_describing_json.SelfDescribingJson object at 0x105061520>, <snowplow_tracker.self_describing_json.SelfDescribingJson object at 0x106b37d60>, <snowplow_tracker.self_describing_json.SelfDescribingJson object at 0x106b89be0>]}


============================== 09:47:19.346932 | 294c6c04-283d-438b-823c-f05dae81d3f2 ==============================
[0m09:47:19.346932 [info ] [MainThread]: Running with dbt=1.7.11
[0m09:47:19.347224 [debug] [MainThread]: running dbt with arguments {'printer_width': '80', 'indirect_selection': 'eager', 'write_json': 'True', 'log_cache_events': 'False', 'partial_parse': 'True', 'cache_selected_only': 'False', 'warn_error': 'None', 'fail_fast': 'False', 'version_check': 'True', 'log_path': 'logs', 'debug': 'False', 'profiles_dir': '/Users/edoardosezzi/.dbt', 'use_colors': 'True', 'use_experimental_parser': 'False', 'no_print': 'None', 'quiet': 'False', 'warn_error_options': 'WarnErrorOptions(include=[], exclude=[])', 'introspect': 'True', 'log_format': 'default', 'static_parser': 'True', 'target_path': 'None', 'invocation_command': 'dbt debug', 'send_anonymous_usage_stats': 'True'}
[0m09:47:19.347537 [info ] [MainThread]: dbt version: 1.7.11
[0m09:47:19.347697 [info ] [MainThread]: python version: 3.9.6
[0m09:47:19.347853 [info ] [MainThread]: python path: /Users/edoardosezzi/Desktop/habacus/dwh-pipeline-dbt/venv-dbt/bin/python
[0m09:47:19.348006 [info ] [MainThread]: os info: macOS-14.4.1-arm64-arm-64bit
[0m09:47:19.786082 [info ] [MainThread]: Using profiles dir at /Users/edoardosezzi/.dbt
[0m09:47:19.786370 [info ] [MainThread]: Using profiles.yml file at /Users/edoardosezzi/.dbt/profiles.yml
[0m09:47:19.786545 [info ] [MainThread]: Using dbt_project.yml file at /Users/edoardosezzi/Desktop/habacus/dwh-pipeline-dbt/dbt_project.yml
[0m09:47:19.786829 [info ] [MainThread]: adapter type: bigquery
[0m09:47:19.786993 [info ] [MainThread]: adapter version: 1.7.7
[0m09:47:19.787157 [info ] [MainThread]: Configuration:
[0m09:47:19.787306 [info ] [MainThread]:   profiles.yml file [[32mOK found and valid[0m]
[0m09:47:19.787455 [info ] [MainThread]:   dbt_project.yml file [[31mERROR not found[0m]
[0m09:47:19.787601 [info ] [MainThread]: Required dependencies:
[0m09:47:19.787783 [debug] [MainThread]: Executing "git --help"
[0m09:47:19.798288 [debug] [MainThread]: STDOUT: "b"usage: git [-v | --version] [-h | --help] [-C <path>] [-c <name>=<value>]\n           [--exec-path[=<path>]] [--html-path] [--man-path] [--info-path]\n           [-p | --paginate | -P | --no-pager] [--no-replace-objects] [--bare]\n           [--git-dir=<path>] [--work-tree=<path>] [--namespace=<name>]\n           [--super-prefix=<path>] [--config-env=<name>=<envvar>]\n           <command> [<args>]\n\nThese are common Git commands used in various situations:\n\nstart a working area (see also: git help tutorial)\n   clone     Clone a repository into a new directory\n   init      Create an empty Git repository or reinitialize an existing one\n\nwork on the current change (see also: git help everyday)\n   add       Add file contents to the index\n   mv        Move or rename a file, a directory, or a symlink\n   restore   Restore working tree files\n   rm        Remove files from the working tree and from the index\n\nexamine the history and state (see also: git help revisions)\n   bisect    Use binary search to find the commit that introduced a bug\n   diff      Show changes between commits, commit and working tree, etc\n   grep      Print lines matching a pattern\n   log       Show commit logs\n   show      Show various types of objects\n   status    Show the working tree status\n\ngrow, mark and tweak your common history\n   branch    List, create, or delete branches\n   commit    Record changes to the repository\n   merge     Join two or more development histories together\n   rebase    Reapply commits on top of another base tip\n   reset     Reset current HEAD to the specified state\n   switch    Switch branches\n   tag       Create, list, delete or verify a tag object signed with GPG\n\ncollaborate (see also: git help workflows)\n   fetch     Download objects and refs from another repository\n   pull      Fetch from and integrate with another repository or a local branch\n   push      Update remote refs along with associated objects\n\n'git help -a' and 'git help -g' list available subcommands and some\nconcept guides. See 'git help <command>' or 'git help <concept>'\nto read about a specific subcommand or concept.\nSee 'git help git' for an overview of the system.\n""
[0m09:47:19.798733 [debug] [MainThread]: STDERR: "b''"
[0m09:47:19.798921 [info ] [MainThread]:  - git [[32mOK found[0m]

[0m09:47:19.799114 [info ] [MainThread]: Connection:
[0m09:47:19.799319 [info ] [MainThread]:   method: oauth
[0m09:47:19.799479 [info ] [MainThread]:   database: habacus-dwh-prod-eu-001
[0m09:47:19.799641 [info ] [MainThread]:   execution_project: habacus-dwh-prod-eu-001
[0m09:47:19.799796 [info ] [MainThread]:   schema: dbt_transformation
[0m09:47:19.799945 [info ] [MainThread]:   location: europe-west1
[0m09:47:19.800096 [info ] [MainThread]:   priority: interactive
[0m09:47:19.800253 [info ] [MainThread]:   maximum_bytes_billed: None
[0m09:47:19.800400 [info ] [MainThread]:   impersonate_service_account: None
[0m09:47:19.800553 [info ] [MainThread]:   job_retry_deadline_seconds: None
[0m09:47:19.800707 [info ] [MainThread]:   job_retries: 1
[0m09:47:19.800861 [info ] [MainThread]:   job_creation_timeout_seconds: None
[0m09:47:19.801025 [info ] [MainThread]:   job_execution_timeout_seconds: 300
[0m09:47:19.801188 [info ] [MainThread]:   timeout_seconds: 300
[0m09:47:19.801356 [info ] [MainThread]:   client_id: None
[0m09:47:19.801510 [info ] [MainThread]:   token_uri: None
[0m09:47:19.801682 [info ] [MainThread]:   dataproc_region: None
[0m09:47:19.801837 [info ] [MainThread]:   dataproc_cluster_name: None
[0m09:47:19.801998 [info ] [MainThread]:   gcs_bucket: None
[0m09:47:19.802155 [info ] [MainThread]:   dataproc_batch: None
[0m09:47:19.802429 [info ] [MainThread]: Registered adapter: bigquery=1.7.7
[0m09:47:19.805750 [debug] [MainThread]: Acquiring new bigquery connection 'debug'
[0m09:47:19.806173 [debug] [MainThread]: Opening a new connection, currently in state init
[0m09:47:20.074162 [debug] [MainThread]: On debug: select 1 as id
[0m09:47:20.499126 [debug] [MainThread]: BigQuery adapter: https://console.cloud.google.com/bigquery?project=habacus-dwh-prod-eu-001&j=bq:europe-west1:01ae0dd1-ef1c-4e56-b0bb-961b1f88e702&page=queryresults
[0m09:47:20.838211 [info ] [MainThread]:   Connection test: [[32mOK connection ok[0m]

[0m09:47:20.839749 [info ] [MainThread]: [31m1 check failed:[0m
[0m09:47:20.840491 [info ] [MainThread]: Project loading failed for the following reason:
 project path </Users/edoardosezzi/Desktop/habacus/dwh-pipeline-dbt/dbt_project.yml> not found

[0m09:47:20.844861 [debug] [MainThread]: Resource report: {"command_name": "debug", "command_wall_clock_time": 1.5279272, "process_user_time": 1.652251, "process_kernel_time": 2.408908, "process_mem_max_rss": "181878784", "command_success": false, "process_in_blocks": "0", "process_out_blocks": "0"}
[0m09:47:20.845965 [debug] [MainThread]: Command `dbt debug` failed at 09:47:20.845733 after 1.53 seconds
[0m09:47:20.846656 [debug] [MainThread]: Connection 'debug' was properly closed.
[0m09:47:20.847225 [debug] [MainThread]: Sending event: {'category': 'dbt', 'action': 'invocation', 'label': 'end', 'context': [<snowplow_tracker.self_describing_json.SelfDescribingJson object at 0x105061520>, <snowplow_tracker.self_describing_json.SelfDescribingJson object at 0x106b37dc0>, <snowplow_tracker.self_describing_json.SelfDescribingJson object at 0x106b53f70>]}
[0m09:47:20.847850 [debug] [MainThread]: Flushing usage events
